mode: set
github.com/open-edge-platform/os-image-composer/internal/image/imageinspect/bootloader_efi.go:11.73,24.16 5 1
github.com/open-edge-platform/os-image-composer/internal/image/imageinspect/bootloader_efi.go:24.16,26.3 1 1
github.com/open-edge-platform/os-image-composer/internal/image/imageinspect/bootloader_efi.go:27.2,31.31 3 0
github.com/open-edge-platform/os-image-composer/internal/image/imageinspect/bootloader_efi.go:31.31,34.3 2 0
github.com/open-edge-platform/os-image-composer/internal/image/imageinspect/bootloader_efi.go:36.2,39.19 4 0
github.com/open-edge-platform/os-image-composer/internal/image/imageinspect/bootloader_efi.go:39.19,41.3 1 0
github.com/open-edge-platform/os-image-composer/internal/image/imageinspect/bootloader_efi.go:43.2,48.11 4 0
github.com/open-edge-platform/os-image-composer/internal/image/imageinspect/bootloader_efi.go:48.11,50.3 1 0
github.com/open-edge-platform/os-image-composer/internal/image/imageinspect/bootloader_efi.go:50.8,52.3 1 0
github.com/open-edge-platform/os-image-composer/internal/image/imageinspect/bootloader_efi.go:57.2,57.31 1 0
github.com/open-edge-platform/os-image-composer/internal/image/imageinspect/bootloader_efi.go:57.31,60.17 3 0
github.com/open-edge-platform/os-image-composer/internal/image/imageinspect/bootloader_efi.go:60.17,62.12 2 0
github.com/open-edge-platform/os-image-composer/internal/image/imageinspect/bootloader_efi.go:64.3,66.15 2 0
github.com/open-edge-platform/os-image-composer/internal/image/imageinspect/bootloader_efi.go:67.17,68.44 1 0
github.com/open-edge-platform/os-image-composer/internal/image/imageinspect/bootloader_efi.go:69.18,70.44 1 0
github.com/open-edge-platform/os-image-composer/internal/image/imageinspect/bootloader_efi.go:71.19,73.68 2 0
github.com/open-edge-platform/os-image-composer/internal/image/imageinspect/bootloader_efi.go:74.17,76.66 2 0
github.com/open-edge-platform/os-image-composer/internal/image/imageinspect/bootloader_efi.go:77.17,81.58 4 0
github.com/open-edge-platform/os-image-composer/internal/image/imageinspect/bootloader_efi.go:85.2,85.16 1 0
github.com/open-edge-platform/os-image-composer/internal/image/imageinspect/bootloader_efi.go:89.74,94.39 2 0
github.com/open-edge-platform/os-image-composer/internal/image/imageinspect/bootloader_efi.go:95.28,96.37 1 0
github.com/open-edge-platform/os-image-composer/internal/image/imageinspect/bootloader_efi.go:96.37,99.24 3 0
github.com/open-edge-platform/os-image-composer/internal/image/imageinspect/bootloader_efi.go:99.24,101.5 1 0
github.com/open-edge-platform/os-image-composer/internal/image/imageinspect/bootloader_efi.go:103.28,104.37 1 0
github.com/open-edge-platform/os-image-composer/internal/image/imageinspect/bootloader_efi.go:104.37,107.24 3 0
github.com/open-edge-platform/os-image-composer/internal/image/imageinspect/bootloader_efi.go:107.24,109.5 1 0
github.com/open-edge-platform/os-image-composer/internal/image/imageinspect/bootloader_efi.go:111.10,112.50 1 0
github.com/open-edge-platform/os-image-composer/internal/image/imageinspect/bootloader_efi.go:114.2,114.21 1 0
github.com/open-edge-platform/os-image-composer/internal/image/imageinspect/bootloader_efi.go:120.73,124.34 2 1
github.com/open-edge-platform/os-image-composer/internal/image/imageinspect/bootloader_efi.go:124.34,126.3 1 1
github.com/open-edge-platform/os-image-composer/internal/image/imageinspect/bootloader_efi.go:127.2,127.77 1 1
github.com/open-edge-platform/os-image-composer/internal/image/imageinspect/bootloader_efi.go:127.77,129.3 1 0
github.com/open-edge-platform/os-image-composer/internal/image/imageinspect/bootloader_efi.go:130.2,130.34 1 1
github.com/open-edge-platform/os-image-composer/internal/image/imageinspect/bootloader_efi.go:130.34,132.3 1 1
github.com/open-edge-platform/os-image-composer/internal/image/imageinspect/bootloader_efi.go:133.2,133.69 1 1
github.com/open-edge-platform/os-image-composer/internal/image/imageinspect/bootloader_efi.go:133.69,135.3 1 1
github.com/open-edge-platform/os-image-composer/internal/image/imageinspect/bootloader_efi.go:138.2,138.21 1 0
github.com/open-edge-platform/os-image-composer/internal/image/imageinspect/bootloader_efi.go:138.21,140.37 1 0
github.com/open-edge-platform/os-image-composer/internal/image/imageinspect/bootloader_efi.go:140.37,142.4 1 0
github.com/open-edge-platform/os-image-composer/internal/image/imageinspect/bootloader_efi.go:145.3,145.77 1 0
github.com/open-edge-platform/os-image-composer/internal/image/imageinspect/bootloader_efi.go:145.77,147.4 1 0
github.com/open-edge-platform/os-image-composer/internal/image/imageinspect/bootloader_efi.go:150.3,150.39 1 0
github.com/open-edge-platform/os-image-composer/internal/image/imageinspect/bootloader_efi.go:150.39,152.4 1 0
github.com/open-edge-platform/os-image-composer/internal/image/imageinspect/bootloader_efi.go:156.3,156.36 1 0
github.com/open-edge-platform/os-image-composer/internal/image/imageinspect/bootloader_efi.go:156.36,158.4 1 0
github.com/open-edge-platform/os-image-composer/internal/image/imageinspect/bootloader_efi.go:161.2,161.26 1 0
github.com/open-edge-platform/os-image-composer/internal/image/imageinspect/bootloader_efi.go:165.50,167.25 2 1
github.com/open-edge-platform/os-image-composer/internal/image/imageinspect/bootloader_efi.go:167.25,168.52 1 1
github.com/open-edge-platform/os-image-composer/internal/image/imageinspect/bootloader_efi.go:168.52,170.4 1 1
github.com/open-edge-platform/os-image-composer/internal/image/imageinspect/bootloader_efi.go:172.2,172.14 1 1
github.com/open-edge-platform/os-image-composer/internal/image/imageinspect/bootloader_efi.go:176.58,178.25 2 0
github.com/open-edge-platform/os-image-composer/internal/image/imageinspect/bootloader_efi.go:178.25,179.71 1 0
github.com/open-edge-platform/os-image-composer/internal/image/imageinspect/bootloader_efi.go:179.71,181.4 1 0
github.com/open-edge-platform/os-image-composer/internal/image/imageinspect/bootloader_efi.go:183.2,183.14 1 0
github.com/open-edge-platform/os-image-composer/internal/image/imageinspect/bootloader_efi.go:189.58,193.25 2 1
github.com/open-edge-platform/os-image-composer/internal/image/imageinspect/bootloader_efi.go:193.25,194.54 1 1
github.com/open-edge-platform/os-image-composer/internal/image/imageinspect/bootloader_efi.go:194.54,195.12 1 1
github.com/open-edge-platform/os-image-composer/internal/image/imageinspect/bootloader_efi.go:197.3,197.37 1 1
github.com/open-edge-platform/os-image-composer/internal/image/imageinspect/bootloader_efi.go:197.37,199.4 1 1
github.com/open-edge-platform/os-image-composer/internal/image/imageinspect/bootloader_efi.go:203.2,203.21 1 1
github.com/open-edge-platform/os-image-composer/internal/image/imageinspect/bootloader_efi.go:203.21,204.62 1 1
github.com/open-edge-platform/os-image-composer/internal/image/imageinspect/bootloader_efi.go:204.62,205.12 1 1
github.com/open-edge-platform/os-image-composer/internal/image/imageinspect/bootloader_efi.go:207.3,207.40 1 1
github.com/open-edge-platform/os-image-composer/internal/image/imageinspect/bootloader_efi.go:207.40,210.4 2 1
github.com/open-edge-platform/os-image-composer/internal/image/imageinspect/bootloader_efi.go:215.39,216.11 1 1
github.com/open-edge-platform/os-image-composer/internal/image/imageinspect/bootloader_efi.go:217.35,218.18 1 1
github.com/open-edge-platform/os-image-composer/internal/image/imageinspect/bootloader_efi.go:219.34,220.15 1 1
github.com/open-edge-platform/os-image-composer/internal/image/imageinspect/bootloader_efi.go:221.35,222.17 1 1
github.com/open-edge-platform/os-image-composer/internal/image/imageinspect/bootloader_efi.go:223.33,224.15 1 0
github.com/open-edge-platform/os-image-composer/internal/image/imageinspect/bootloader_efi.go:225.10,226.41 1 0
github.com/open-edge-platform/os-image-composer/internal/image/imageinspect/bootloader_efi.go:231.65,234.48 2 1
github.com/open-edge-platform/os-image-composer/internal/image/imageinspect/bootloader_efi.go:234.48,236.49 2 1
github.com/open-edge-platform/os-image-composer/internal/image/imageinspect/bootloader_efi.go:236.49,237.12 1 1
github.com/open-edge-platform/os-image-composer/internal/image/imageinspect/bootloader_efi.go:240.3,241.10 2 1
github.com/open-edge-platform/os-image-composer/internal/image/imageinspect/bootloader_efi.go:241.10,242.12 1 1
github.com/open-edge-platform/os-image-composer/internal/image/imageinspect/bootloader_efi.go:245.3,251.14 4 1
github.com/open-edge-platform/os-image-composer/internal/image/imageinspect/bootloader_efi.go:251.14,253.4 1 1
github.com/open-edge-platform/os-image-composer/internal/image/imageinspect/bootloader_efi.go:257.2,258.19 2 1
github.com/open-edge-platform/os-image-composer/internal/image/imageinspect/bootloader_efi.go:258.19,260.3 1 1
github.com/open-edge-platform/os-image-composer/internal/image/imageinspect/bootloader_efi.go:261.2,264.25 3 1
github.com/open-edge-platform/os-image-composer/internal/image/imageinspect/bootloader_efi.go:264.25,269.3 1 1
github.com/open-edge-platform/os-image-composer/internal/image/imageinspect/bootloader_efi.go:271.2,271.18 1 1
github.com/open-edge-platform/os-image-composer/internal/image/imageinspect/compare.go:113.55,115.18 2 1
github.com/open-edge-platform/os-image-composer/internal/image/imageinspect/compare.go:115.18,117.3 1 1
github.com/open-edge-platform/os-image-composer/internal/image/imageinspect/compare.go:121.57,123.18 2 1
github.com/open-edge-platform/os-image-composer/internal/image/imageinspect/compare.go:123.18,125.3 1 1
github.com/open-edge-platform/os-image-composer/internal/image/imageinspect/compare.go:205.63,206.30 1 1
github.com/open-edge-platform/os-image-composer/internal/image/imageinspect/compare.go:206.30,211.3 1 0
github.com/open-edge-platform/os-image-composer/internal/image/imageinspect/compare.go:213.2,221.37 3 1
github.com/open-edge-platform/os-image-composer/internal/image/imageinspect/compare.go:221.37,224.3 2 1
github.com/open-edge-platform/os-image-composer/internal/image/imageinspect/compare.go:227.2,228.37 2 1
github.com/open-edge-platform/os-image-composer/internal/image/imageinspect/compare.go:228.37,231.3 2 1
github.com/open-edge-platform/os-image-composer/internal/image/imageinspect/compare.go:234.2,235.121 2 1
github.com/open-edge-platform/os-image-composer/internal/image/imageinspect/compare.go:235.121,241.3 5 1
github.com/open-edge-platform/os-image-composer/internal/image/imageinspect/compare.go:244.2,245.124 2 1
github.com/open-edge-platform/os-image-composer/internal/image/imageinspect/compare.go:245.124,248.3 2 1
github.com/open-edge-platform/os-image-composer/internal/image/imageinspect/compare.go:251.2,252.55 2 1
github.com/open-edge-platform/os-image-composer/internal/image/imageinspect/compare.go:252.55,254.3 1 0
github.com/open-edge-platform/os-image-composer/internal/image/imageinspect/compare.go:257.2,262.12 3 1
github.com/open-edge-platform/os-image-composer/internal/image/imageinspect/compare.go:265.68,281.9 5 1
github.com/open-edge-platform/os-image-composer/internal/image/imageinspect/compare.go:282.23,283.28 1 0
github.com/open-edge-platform/os-image-composer/internal/image/imageinspect/compare.go:284.25,285.20 1 1
github.com/open-edge-platform/os-image-composer/internal/image/imageinspect/compare.go:285.20,287.4 1 0
github.com/open-edge-platform/os-image-composer/internal/image/imageinspect/compare.go:287.9,289.4 1 1
github.com/open-edge-platform/os-image-composer/internal/image/imageinspect/compare.go:290.10,291.31 1 1
github.com/open-edge-platform/os-image-composer/internal/image/imageinspect/compare.go:294.2,294.11 1 1
github.com/open-edge-platform/os-image-composer/internal/image/imageinspect/compare.go:297.50,300.36 2 1
github.com/open-edge-platform/os-image-composer/internal/image/imageinspect/compare.go:300.36,302.3 1 1
github.com/open-edge-platform/os-image-composer/internal/image/imageinspect/compare.go:303.2,303.12 1 1
github.com/open-edge-platform/os-image-composer/internal/image/imageinspect/compare.go:306.54,308.30 1 1
github.com/open-edge-platform/os-image-composer/internal/image/imageinspect/compare.go:308.30,310.3 1 1
github.com/open-edge-platform/os-image-composer/internal/image/imageinspect/compare.go:312.2,315.30 2 0
github.com/open-edge-platform/os-image-composer/internal/image/imageinspect/compare.go:315.30,319.3 3 0
github.com/open-edge-platform/os-image-composer/internal/image/imageinspect/compare.go:322.2,322.30 1 0
github.com/open-edge-platform/os-image-composer/internal/image/imageinspect/compare.go:322.30,326.3 3 0
github.com/open-edge-platform/os-image-composer/internal/image/imageinspect/compare.go:329.2,329.32 1 0
github.com/open-edge-platform/os-image-composer/internal/image/imageinspect/compare.go:329.32,332.3 2 0
github.com/open-edge-platform/os-image-composer/internal/image/imageinspect/compare.go:334.2,334.30 1 0
github.com/open-edge-platform/os-image-composer/internal/image/imageinspect/compare.go:334.30,337.3 2 0
github.com/open-edge-platform/os-image-composer/internal/image/imageinspect/compare.go:339.2,339.38 1 0
github.com/open-edge-platform/os-image-composer/internal/image/imageinspect/compare.go:339.38,342.3 2 0
github.com/open-edge-platform/os-image-composer/internal/image/imageinspect/compare.go:344.2,344.44 1 0
github.com/open-edge-platform/os-image-composer/internal/image/imageinspect/compare.go:344.44,347.3 2 0
github.com/open-edge-platform/os-image-composer/internal/image/imageinspect/compare.go:349.2,349.19 1 0
github.com/open-edge-platform/os-image-composer/internal/image/imageinspect/compare.go:349.19,351.3 1 0
github.com/open-edge-platform/os-image-composer/internal/image/imageinspect/compare.go:353.2,353.13 1 0
github.com/open-edge-platform/os-image-composer/internal/image/imageinspect/compare.go:357.79,360.72 2 1
github.com/open-edge-platform/os-image-composer/internal/image/imageinspect/compare.go:360.72,362.3 1 1
github.com/open-edge-platform/os-image-composer/internal/image/imageinspect/compare.go:363.2,363.26 1 1
github.com/open-edge-platform/os-image-composer/internal/image/imageinspect/compare.go:363.26,365.3 1 1
github.com/open-edge-platform/os-image-composer/internal/image/imageinspect/compare.go:366.2,366.52 1 1
github.com/open-edge-platform/os-image-composer/internal/image/imageinspect/compare.go:366.52,368.3 1 0
github.com/open-edge-platform/os-image-composer/internal/image/imageinspect/compare.go:369.2,369.54 1 1
github.com/open-edge-platform/os-image-composer/internal/image/imageinspect/compare.go:369.54,371.3 1 1
github.com/open-edge-platform/os-image-composer/internal/image/imageinspect/compare.go:372.2,372.44 1 1
github.com/open-edge-platform/os-image-composer/internal/image/imageinspect/compare.go:372.44,374.3 1 1
github.com/open-edge-platform/os-image-composer/internal/image/imageinspect/compare.go:376.2,376.62 1 1
github.com/open-edge-platform/os-image-composer/internal/image/imageinspect/compare.go:376.62,378.3 1 1
github.com/open-edge-platform/os-image-composer/internal/image/imageinspect/compare.go:380.2,380.72 1 1
github.com/open-edge-platform/os-image-composer/internal/image/imageinspect/compare.go:380.72,382.3 1 1
github.com/open-edge-platform/os-image-composer/internal/image/imageinspect/compare.go:384.2,385.10 2 1
github.com/open-edge-platform/os-image-composer/internal/image/imageinspect/compare.go:389.74,398.27 6 1
github.com/open-edge-platform/os-image-composer/internal/image/imageinspect/compare.go:398.27,401.3 2 1
github.com/open-edge-platform/os-image-composer/internal/image/imageinspect/compare.go:402.2,402.25 1 1
github.com/open-edge-platform/os-image-composer/internal/image/imageinspect/compare.go:402.25,403.28 1 1
github.com/open-edge-platform/os-image-composer/internal/image/imageinspect/compare.go:403.28,405.4 1 1
github.com/open-edge-platform/os-image-composer/internal/image/imageinspect/compare.go:408.2,410.25 2 1
github.com/open-edge-platform/os-image-composer/internal/image/imageinspect/compare.go:410.25,414.10 3 1
github.com/open-edge-platform/os-image-composer/internal/image/imageinspect/compare.go:415.20,416.40 1 1
github.com/open-edge-platform/os-image-composer/internal/image/imageinspect/compare.go:417.20,418.36 1 1
github.com/open-edge-platform/os-image-composer/internal/image/imageinspect/compare.go:419.19,420.29 1 1
github.com/open-edge-platform/os-image-composer/internal/image/imageinspect/compare.go:420.29,421.13 1 1
github.com/open-edge-platform/os-image-composer/internal/image/imageinspect/compare.go:424.4,439.38 6 1
github.com/open-edge-platform/os-image-composer/internal/image/imageinspect/compare.go:439.38,442.88 2 1
github.com/open-edge-platform/os-image-composer/internal/image/imageinspect/compare.go:442.88,444.6 1 1
github.com/open-edge-platform/os-image-composer/internal/image/imageinspect/compare.go:447.4,447.44 1 1
github.com/open-edge-platform/os-image-composer/internal/image/imageinspect/compare.go:451.2,451.12 1 1
github.com/open-edge-platform/os-image-composer/internal/image/imageinspect/compare.go:454.76,457.34 2 1
github.com/open-edge-platform/os-image-composer/internal/image/imageinspect/compare.go:457.34,461.36 2 1
github.com/open-edge-platform/os-image-composer/internal/image/imageinspect/compare.go:461.36,463.39 2 0
github.com/open-edge-platform/os-image-composer/internal/image/imageinspect/compare.go:463.39,465.5 1 0
github.com/open-edge-platform/os-image-composer/internal/image/imageinspect/compare.go:468.3,468.15 1 1
github.com/open-edge-platform/os-image-composer/internal/image/imageinspect/compare.go:470.2,470.12 1 1
github.com/open-edge-platform/os-image-composer/internal/image/imageinspect/compare.go:473.61,478.16 3 1
github.com/open-edge-platform/os-image-composer/internal/image/imageinspect/compare.go:478.16,480.3 1 0
github.com/open-edge-platform/os-image-composer/internal/image/imageinspect/compare.go:482.2,482.16 1 1
github.com/open-edge-platform/os-image-composer/internal/image/imageinspect/compare.go:483.13,486.14 2 1
github.com/open-edge-platform/os-image-composer/internal/image/imageinspect/compare.go:486.14,488.4 1 1
github.com/open-edge-platform/os-image-composer/internal/image/imageinspect/compare.go:490.3,490.53 1 0
github.com/open-edge-platform/os-image-composer/internal/image/imageinspect/compare.go:492.13,494.14 2 0
github.com/open-edge-platform/os-image-composer/internal/image/imageinspect/compare.go:494.14,496.4 1 0
github.com/open-edge-platform/os-image-composer/internal/image/imageinspect/compare.go:498.3,498.59 1 0
github.com/open-edge-platform/os-image-composer/internal/image/imageinspect/compare.go:500.10,503.14 2 1
github.com/open-edge-platform/os-image-composer/internal/image/imageinspect/compare.go:503.14,505.4 1 1
github.com/open-edge-platform/os-image-composer/internal/image/imageinspect/compare.go:506.3,506.58 1 1
github.com/open-edge-platform/os-image-composer/internal/image/imageinspect/compare.go:511.50,522.46 1 1
github.com/open-edge-platform/os-image-composer/internal/image/imageinspect/compare.go:522.46,524.3 1 0
github.com/open-edge-platform/os-image-composer/internal/image/imageinspect/compare.go:527.2,527.56 1 1
github.com/open-edge-platform/os-image-composer/internal/image/imageinspect/compare.go:530.56,531.26 1 1
github.com/open-edge-platform/os-image-composer/internal/image/imageinspect/compare.go:531.26,533.3 1 1
github.com/open-edge-platform/os-image-composer/internal/image/imageinspect/compare.go:534.2,534.26 1 1
github.com/open-edge-platform/os-image-composer/internal/image/imageinspect/compare.go:534.26,536.3 1 1
github.com/open-edge-platform/os-image-composer/internal/image/imageinspect/compare.go:537.2,537.32 1 1
github.com/open-edge-platform/os-image-composer/internal/image/imageinspect/compare.go:540.51,553.26 1 1
github.com/open-edge-platform/os-image-composer/internal/image/imageinspect/compare.go:553.26,555.3 1 1
github.com/open-edge-platform/os-image-composer/internal/image/imageinspect/compare.go:558.2,558.53 1 1
github.com/open-edge-platform/os-image-composer/internal/image/imageinspect/compare.go:558.53,560.3 1 0
github.com/open-edge-platform/os-image-composer/internal/image/imageinspect/compare.go:561.2,561.47 1 1
github.com/open-edge-platform/os-image-composer/internal/image/imageinspect/compare.go:561.47,563.3 1 0
github.com/open-edge-platform/os-image-composer/internal/image/imageinspect/compare.go:564.2,564.51 1 1
github.com/open-edge-platform/os-image-composer/internal/image/imageinspect/compare.go:564.51,566.3 1 0
github.com/open-edge-platform/os-image-composer/internal/image/imageinspect/compare.go:569.2,569.59 1 1
github.com/open-edge-platform/os-image-composer/internal/image/imageinspect/compare.go:572.49,573.22 1 1
github.com/open-edge-platform/os-image-composer/internal/image/imageinspect/compare.go:573.22,575.3 1 0
github.com/open-edge-platform/os-image-composer/internal/image/imageinspect/compare.go:576.2,580.20 5 1
github.com/open-edge-platform/os-image-composer/internal/image/imageinspect/compare.go:580.20,581.21 1 1
github.com/open-edge-platform/os-image-composer/internal/image/imageinspect/compare.go:581.21,583.4 1 1
github.com/open-edge-platform/os-image-composer/internal/image/imageinspect/compare.go:585.2,585.13 1 1
github.com/open-edge-platform/os-image-composer/internal/image/imageinspect/compare.go:588.37,589.22 1 1
github.com/open-edge-platform/os-image-composer/internal/image/imageinspect/compare.go:589.22,591.3 1 1
github.com/open-edge-platform/os-image-composer/internal/image/imageinspect/compare.go:592.2,592.27 1 1
github.com/open-edge-platform/os-image-composer/internal/image/imageinspect/compare.go:595.48,596.26 1 1
github.com/open-edge-platform/os-image-composer/internal/image/imageinspect/compare.go:596.26,598.3 1 1
github.com/open-edge-platform/os-image-composer/internal/image/imageinspect/compare.go:599.2,599.26 1 1
github.com/open-edge-platform/os-image-composer/internal/image/imageinspect/compare.go:599.26,601.3 1 0
github.com/open-edge-platform/os-image-composer/internal/image/imageinspect/compare.go:602.2,602.87 1 1
github.com/open-edge-platform/os-image-composer/internal/image/imageinspect/compare.go:605.57,606.15 1 1
github.com/open-edge-platform/os-image-composer/internal/image/imageinspect/compare.go:606.15,608.3 1 0
github.com/open-edge-platform/os-image-composer/internal/image/imageinspect/compare.go:609.2,609.12 1 1
github.com/open-edge-platform/os-image-composer/internal/image/imageinspect/compare.go:612.58,613.22 1 1
github.com/open-edge-platform/os-image-composer/internal/image/imageinspect/compare.go:613.22,615.3 1 0
github.com/open-edge-platform/os-image-composer/internal/image/imageinspect/compare.go:617.2,618.22 2 1
github.com/open-edge-platform/os-image-composer/internal/image/imageinspect/compare.go:618.22,620.3 1 1
github.com/open-edge-platform/os-image-composer/internal/image/imageinspect/compare.go:621.2,621.22 1 1
github.com/open-edge-platform/os-image-composer/internal/image/imageinspect/compare.go:621.22,623.10 2 1
github.com/open-edge-platform/os-image-composer/internal/image/imageinspect/compare.go:623.10,625.4 1 1
github.com/open-edge-platform/os-image-composer/internal/image/imageinspect/compare.go:626.3,626.31 1 1
github.com/open-edge-platform/os-image-composer/internal/image/imageinspect/compare.go:626.31,628.4 1 1
github.com/open-edge-platform/os-image-composer/internal/image/imageinspect/compare.go:630.2,630.13 1 1
github.com/open-edge-platform/os-image-composer/internal/image/imageinspect/compare.go:633.52,649.34 1 1
github.com/open-edge-platform/os-image-composer/internal/image/imageinspect/compare.go:649.34,651.3 1 1
github.com/open-edge-platform/os-image-composer/internal/image/imageinspect/compare.go:653.2,653.53 1 1
github.com/open-edge-platform/os-image-composer/internal/image/imageinspect/compare.go:653.53,655.3 1 0
github.com/open-edge-platform/os-image-composer/internal/image/imageinspect/compare.go:658.2,658.55 1 1
github.com/open-edge-platform/os-image-composer/internal/image/imageinspect/compare.go:658.55,660.3 1 1
github.com/open-edge-platform/os-image-composer/internal/image/imageinspect/compare.go:663.2,663.47 1 1
github.com/open-edge-platform/os-image-composer/internal/image/imageinspect/compare.go:663.47,665.3 1 0
github.com/open-edge-platform/os-image-composer/internal/image/imageinspect/compare.go:668.2,668.47 1 1
github.com/open-edge-platform/os-image-composer/internal/image/imageinspect/compare.go:668.47,670.3 1 0
github.com/open-edge-platform/os-image-composer/internal/image/imageinspect/compare.go:672.2,672.13 1 1
github.com/open-edge-platform/os-image-composer/internal/image/imageinspect/compare.go:675.50,676.22 1 1
github.com/open-edge-platform/os-image-composer/internal/image/imageinspect/compare.go:676.22,678.3 1 0
github.com/open-edge-platform/os-image-composer/internal/image/imageinspect/compare.go:679.2,679.23 1 1
github.com/open-edge-platform/os-image-composer/internal/image/imageinspect/compare.go:679.23,680.38 1 1
github.com/open-edge-platform/os-image-composer/internal/image/imageinspect/compare.go:680.38,682.4 1 1
github.com/open-edge-platform/os-image-composer/internal/image/imageinspect/compare.go:684.2,684.13 1 1
github.com/open-edge-platform/os-image-composer/internal/image/imageinspect/compare.go:687.90,688.42 1 1
github.com/open-edge-platform/os-image-composer/internal/image/imageinspect/compare.go:688.42,690.3 1 0
github.com/open-edge-platform/os-image-composer/internal/image/imageinspect/compare.go:692.2,692.22 1 1
github.com/open-edge-platform/os-image-composer/internal/image/imageinspect/compare.go:692.22,694.3 1 0
github.com/open-edge-platform/os-image-composer/internal/image/imageinspect/compare.go:695.2,695.24 1 1
github.com/open-edge-platform/os-image-composer/internal/image/imageinspect/compare.go:695.24,697.3 1 0
github.com/open-edge-platform/os-image-composer/internal/image/imageinspect/compare.go:698.2,698.22 1 1
github.com/open-edge-platform/os-image-composer/internal/image/imageinspect/compare.go:698.22,700.3 1 0
github.com/open-edge-platform/os-image-composer/internal/image/imageinspect/compare.go:701.2,701.22 1 1
github.com/open-edge-platform/os-image-composer/internal/image/imageinspect/compare.go:701.22,703.3 1 0
github.com/open-edge-platform/os-image-composer/internal/image/imageinspect/compare.go:704.2,704.30 1 1
github.com/open-edge-platform/os-image-composer/internal/image/imageinspect/compare.go:704.30,706.3 1 0
github.com/open-edge-platform/os-image-composer/internal/image/imageinspect/compare.go:707.2,707.26 1 1
github.com/open-edge-platform/os-image-composer/internal/image/imageinspect/compare.go:707.26,709.3 1 0
github.com/open-edge-platform/os-image-composer/internal/image/imageinspect/compare.go:710.2,710.32 1 1
github.com/open-edge-platform/os-image-composer/internal/image/imageinspect/compare.go:710.32,712.3 1 0
github.com/open-edge-platform/os-image-composer/internal/image/imageinspect/compare.go:713.2,713.24 1 1
github.com/open-edge-platform/os-image-composer/internal/image/imageinspect/compare.go:713.24,715.3 1 0
github.com/open-edge-platform/os-image-composer/internal/image/imageinspect/compare.go:716.2,716.28 1 1
github.com/open-edge-platform/os-image-composer/internal/image/imageinspect/compare.go:716.28,718.3 1 0
github.com/open-edge-platform/os-image-composer/internal/image/imageinspect/compare.go:719.2,719.48 1 1
github.com/open-edge-platform/os-image-composer/internal/image/imageinspect/compare.go:719.48,721.3 1 0
github.com/open-edge-platform/os-image-composer/internal/image/imageinspect/compare.go:723.2,723.12 1 1
github.com/open-edge-platform/os-image-composer/internal/image/imageinspect/compare.go:726.71,727.26 1 1
github.com/open-edge-platform/os-image-composer/internal/image/imageinspect/compare.go:727.26,729.3 1 0
github.com/open-edge-platform/os-image-composer/internal/image/imageinspect/compare.go:730.2,730.26 1 1
github.com/open-edge-platform/os-image-composer/internal/image/imageinspect/compare.go:730.26,732.3 1 1
github.com/open-edge-platform/os-image-composer/internal/image/imageinspect/compare.go:733.2,733.26 1 1
github.com/open-edge-platform/os-image-composer/internal/image/imageinspect/compare.go:733.26,735.3 1 0
github.com/open-edge-platform/os-image-composer/internal/image/imageinspect/compare.go:736.2,736.53 1 1
github.com/open-edge-platform/os-image-composer/internal/image/imageinspect/compare.go:736.53,738.3 1 0
github.com/open-edge-platform/os-image-composer/internal/image/imageinspect/compare.go:740.2,747.12 3 1
github.com/open-edge-platform/os-image-composer/internal/image/imageinspect/compare.go:750.92,751.42 1 1
github.com/open-edge-platform/os-image-composer/internal/image/imageinspect/compare.go:751.42,753.3 1 1
github.com/open-edge-platform/os-image-composer/internal/image/imageinspect/compare.go:754.2,754.22 1 1
github.com/open-edge-platform/os-image-composer/internal/image/imageinspect/compare.go:754.22,756.3 1 0
github.com/open-edge-platform/os-image-composer/internal/image/imageinspect/compare.go:757.2,757.24 1 1
github.com/open-edge-platform/os-image-composer/internal/image/imageinspect/compare.go:757.24,759.3 1 1
github.com/open-edge-platform/os-image-composer/internal/image/imageinspect/compare.go:760.2,760.22 1 1
github.com/open-edge-platform/os-image-composer/internal/image/imageinspect/compare.go:760.22,762.3 1 0
github.com/open-edge-platform/os-image-composer/internal/image/imageinspect/compare.go:763.2,763.28 1 1
github.com/open-edge-platform/os-image-composer/internal/image/imageinspect/compare.go:763.28,765.3 1 0
github.com/open-edge-platform/os-image-composer/internal/image/imageinspect/compare.go:766.2,766.26 1 1
github.com/open-edge-platform/os-image-composer/internal/image/imageinspect/compare.go:766.26,768.3 1 0
github.com/open-edge-platform/os-image-composer/internal/image/imageinspect/compare.go:769.2,769.12 1 1
github.com/open-edge-platform/os-image-composer/internal/image/imageinspect/compare.go:772.40,775.30 2 1
github.com/open-edge-platform/os-image-composer/internal/image/imageinspect/compare.go:775.30,777.3 1 1
github.com/open-edge-platform/os-image-composer/internal/image/imageinspect/compare.go:779.2,779.38 1 1
github.com/open-edge-platform/os-image-composer/internal/image/imageinspect/compare.go:779.38,781.3 1 1
github.com/open-edge-platform/os-image-composer/internal/image/imageinspect/compare.go:782.2,782.34 1 1
github.com/open-edge-platform/os-image-composer/internal/image/imageinspect/compare.go:782.34,784.3 1 1
github.com/open-edge-platform/os-image-composer/internal/image/imageinspect/compare.go:785.2,785.47 1 1
github.com/open-edge-platform/os-image-composer/internal/image/imageinspect/compare.go:785.47,787.3 1 0
github.com/open-edge-platform/os-image-composer/internal/image/imageinspect/compare.go:788.2,788.48 1 1
github.com/open-edge-platform/os-image-composer/internal/image/imageinspect/compare.go:788.48,790.3 1 1
github.com/open-edge-platform/os-image-composer/internal/image/imageinspect/compare.go:791.2,791.43 1 1
github.com/open-edge-platform/os-image-composer/internal/image/imageinspect/compare.go:791.43,793.3 1 1
github.com/open-edge-platform/os-image-composer/internal/image/imageinspect/compare.go:794.2,794.45 1 1
github.com/open-edge-platform/os-image-composer/internal/image/imageinspect/compare.go:794.45,796.3 1 1
github.com/open-edge-platform/os-image-composer/internal/image/imageinspect/compare.go:797.2,797.45 1 1
github.com/open-edge-platform/os-image-composer/internal/image/imageinspect/compare.go:797.45,799.3 1 1
github.com/open-edge-platform/os-image-composer/internal/image/imageinspect/compare.go:801.2,801.33 1 1
github.com/open-edge-platform/os-image-composer/internal/image/imageinspect/compare.go:801.33,803.3 1 1
github.com/open-edge-platform/os-image-composer/internal/image/imageinspect/compare.go:804.2,804.35 1 1
github.com/open-edge-platform/os-image-composer/internal/image/imageinspect/compare.go:804.35,806.3 1 1
github.com/open-edge-platform/os-image-composer/internal/image/imageinspect/compare.go:808.2,808.43 1 1
github.com/open-edge-platform/os-image-composer/internal/image/imageinspect/compare.go:808.43,810.33 1 1
github.com/open-edge-platform/os-image-composer/internal/image/imageinspect/compare.go:810.33,811.42 1 0
github.com/open-edge-platform/os-image-composer/internal/image/imageinspect/compare.go:811.42,813.5 1 0
github.com/open-edge-platform/os-image-composer/internal/image/imageinspect/compare.go:813.10,815.5 1 0
github.com/open-edge-platform/os-image-composer/internal/image/imageinspect/compare.go:818.3,818.43 1 1
github.com/open-edge-platform/os-image-composer/internal/image/imageinspect/compare.go:821.2,824.41 2 1
github.com/open-edge-platform/os-image-composer/internal/image/imageinspect/compare.go:824.41,825.28 1 0
github.com/open-edge-platform/os-image-composer/internal/image/imageinspect/compare.go:825.28,827.4 1 0
github.com/open-edge-platform/os-image-composer/internal/image/imageinspect/compare.go:827.9,827.37 1 0
github.com/open-edge-platform/os-image-composer/internal/image/imageinspect/compare.go:827.37,829.4 1 0
github.com/open-edge-platform/os-image-composer/internal/image/imageinspect/compare.go:829.9,831.31 1 0
github.com/open-edge-platform/os-image-composer/internal/image/imageinspect/compare.go:831.31,833.5 1 0
github.com/open-edge-platform/os-image-composer/internal/image/imageinspect/compare.go:834.4,834.30 1 0
github.com/open-edge-platform/os-image-composer/internal/image/imageinspect/compare.go:834.30,836.5 1 0
github.com/open-edge-platform/os-image-composer/internal/image/imageinspect/compare.go:837.4,837.34 1 0
github.com/open-edge-platform/os-image-composer/internal/image/imageinspect/compare.go:837.34,839.5 1 0
github.com/open-edge-platform/os-image-composer/internal/image/imageinspect/compare.go:840.4,840.37 1 0
github.com/open-edge-platform/os-image-composer/internal/image/imageinspect/compare.go:840.37,842.5 1 0
github.com/open-edge-platform/os-image-composer/internal/image/imageinspect/compare.go:846.2,846.10 1 1
github.com/open-edge-platform/os-image-composer/internal/image/imageinspect/compare.go:849.50,850.15 1 1
github.com/open-edge-platform/os-image-composer/internal/image/imageinspect/compare.go:851.14,852.14 1 0
github.com/open-edge-platform/os-image-composer/internal/image/imageinspect/compare.go:853.10,854.15 1 1
github.com/open-edge-platform/os-image-composer/internal/image/imageinspect/compare.go:858.51,859.15 1 1
github.com/open-edge-platform/os-image-composer/internal/image/imageinspect/compare.go:860.14,861.14 1 0
github.com/open-edge-platform/os-image-composer/internal/image/imageinspect/compare.go:862.10,863.15 1 1
github.com/open-edge-platform/os-image-composer/internal/image/imageinspect/compare.go:867.50,868.15 1 1
github.com/open-edge-platform/os-image-composer/internal/image/imageinspect/compare.go:869.33,870.14 1 1
github.com/open-edge-platform/os-image-composer/internal/image/imageinspect/compare.go:871.10,872.15 1 1
github.com/open-edge-platform/os-image-composer/internal/image/imageinspect/compare.go:876.56,877.22 1 1
github.com/open-edge-platform/os-image-composer/internal/image/imageinspect/compare.go:877.22,879.3 1 1
github.com/open-edge-platform/os-image-composer/internal/image/imageinspect/compare.go:880.2,880.24 1 1
github.com/open-edge-platform/os-image-composer/internal/image/imageinspect/compare.go:880.24,882.3 1 1
github.com/open-edge-platform/os-image-composer/internal/image/imageinspect/compare.go:884.2,884.31 1 1
github.com/open-edge-platform/os-image-composer/internal/image/imageinspect/compare.go:884.31,888.32 2 1
github.com/open-edge-platform/os-image-composer/internal/image/imageinspect/compare.go:888.32,889.20 1 1
github.com/open-edge-platform/os-image-composer/internal/image/imageinspect/compare.go:890.36,891.21 1 0
github.com/open-edge-platform/os-image-composer/internal/image/imageinspect/compare.go:891.21,893.6 1 0
github.com/open-edge-platform/os-image-composer/internal/image/imageinspect/compare.go:893.11,895.6 1 0
github.com/open-edge-platform/os-image-composer/internal/image/imageinspect/compare.go:897.18,899.97 2 1
github.com/open-edge-platform/os-image-composer/internal/image/imageinspect/compare.go:899.97,901.11 2 1
github.com/open-edge-platform/os-image-composer/internal/image/imageinspect/compare.go:901.11,903.7 1 0
github.com/open-edge-platform/os-image-composer/internal/image/imageinspect/compare.go:903.12,905.7 1 1
github.com/open-edge-platform/os-image-composer/internal/image/imageinspect/compare.go:906.11,908.6 1 1
github.com/open-edge-platform/os-image-composer/internal/image/imageinspect/compare.go:909.16,910.97 1 0
github.com/open-edge-platform/os-image-composer/internal/image/imageinspect/compare.go:910.97,912.28 1 0
github.com/open-edge-platform/os-image-composer/internal/image/imageinspect/compare.go:912.28,914.7 1 0
github.com/open-edge-platform/os-image-composer/internal/image/imageinspect/compare.go:914.12,916.7 1 0
github.com/open-edge-platform/os-image-composer/internal/image/imageinspect/compare.go:917.11,920.6 1 0
github.com/open-edge-platform/os-image-composer/internal/image/imageinspect/compare.go:921.24,922.54 1 0
github.com/open-edge-platform/os-image-composer/internal/image/imageinspect/compare.go:923.12,924.43 1 1
github.com/open-edge-platform/os-image-composer/internal/image/imageinspect/compare.go:924.43,926.6 1 1
github.com/open-edge-platform/os-image-composer/internal/image/imageinspect/compare.go:926.11,928.6 1 1
github.com/open-edge-platform/os-image-composer/internal/image/imageinspect/compare.go:933.3,933.37 1 1
github.com/open-edge-platform/os-image-composer/internal/image/imageinspect/compare.go:933.37,934.12 1 1
github.com/open-edge-platform/os-image-composer/internal/image/imageinspect/compare.go:937.3,937.32 1 1
github.com/open-edge-platform/os-image-composer/internal/image/imageinspect/compare.go:937.32,939.4 1 1
github.com/open-edge-platform/os-image-composer/internal/image/imageinspect/compare.go:940.3,940.31 1 1
github.com/open-edge-platform/os-image-composer/internal/image/imageinspect/compare.go:940.31,942.4 1 0
github.com/open-edge-platform/os-image-composer/internal/image/imageinspect/compare.go:943.3,943.31 1 1
github.com/open-edge-platform/os-image-composer/internal/image/imageinspect/compare.go:943.31,945.4 1 0
github.com/open-edge-platform/os-image-composer/internal/image/imageinspect/compare.go:947.3,948.49 2 1
github.com/open-edge-platform/os-image-composer/internal/image/imageinspect/compare.go:948.49,951.43 2 0
github.com/open-edge-platform/os-image-composer/internal/image/imageinspect/compare.go:951.43,952.13 1 0
github.com/open-edge-platform/os-image-composer/internal/image/imageinspect/compare.go:954.4,955.9 2 0
github.com/open-edge-platform/os-image-composer/internal/image/imageinspect/compare.go:957.3,957.26 1 1
github.com/open-edge-platform/os-image-composer/internal/image/imageinspect/compare.go:957.26,959.4 1 0
github.com/open-edge-platform/os-image-composer/internal/image/imageinspect/compare.go:963.56,965.47 1 1
github.com/open-edge-platform/os-image-composer/internal/image/imageinspect/compare.go:965.47,967.3 1 1
github.com/open-edge-platform/os-image-composer/internal/image/imageinspect/compare.go:968.2,968.46 1 0
github.com/open-edge-platform/os-image-composer/internal/image/imageinspect/compare.go:968.46,970.3 1 0
github.com/open-edge-platform/os-image-composer/internal/image/imageinspect/compare.go:973.2,973.48 1 0
github.com/open-edge-platform/os-image-composer/internal/image/imageinspect/compare.go:973.48,974.85 1 0
github.com/open-edge-platform/os-image-composer/internal/image/imageinspect/compare.go:974.85,976.4 1 0
github.com/open-edge-platform/os-image-composer/internal/image/imageinspect/compare.go:981.2,981.13 1 0
github.com/open-edge-platform/os-image-composer/internal/image/imageinspect/compare.go:984.64,985.15 1 1
github.com/open-edge-platform/os-image-composer/internal/image/imageinspect/compare.go:985.15,987.3 1 0
github.com/open-edge-platform/os-image-composer/internal/image/imageinspect/compare.go:990.2,990.21 1 1
github.com/open-edge-platform/os-image-composer/internal/image/imageinspect/compare.go:990.21,993.3 2 1
github.com/open-edge-platform/os-image-composer/internal/image/imageinspect/compare.go:994.2,994.23 1 1
github.com/open-edge-platform/os-image-composer/internal/image/imageinspect/compare.go:994.23,997.3 2 0
github.com/open-edge-platform/os-image-composer/internal/image/imageinspect/compare.go:999.2,999.24 1 1
github.com/open-edge-platform/os-image-composer/internal/image/imageinspect/compare.go:999.24,1001.3 1 0
github.com/open-edge-platform/os-image-composer/internal/image/imageinspect/compare.go:1004.2,1004.41 1 1
github.com/open-edge-platform/os-image-composer/internal/image/imageinspect/compare.go:1004.41,1005.42 1 1
github.com/open-edge-platform/os-image-composer/internal/image/imageinspect/compare.go:1005.42,1007.4 1 0
github.com/open-edge-platform/os-image-composer/internal/image/imageinspect/compare.go:1007.9,1009.4 1 1
github.com/open-edge-platform/os-image-composer/internal/image/imageinspect/compare_efi.go:17.46,19.13 2 1
github.com/open-edge-platform/os-image-composer/internal/image/imageinspect/compare_efi.go:19.13,21.3 1 1
github.com/open-edge-platform/os-image-composer/internal/image/imageinspect/compare_efi.go:24.2,32.10 4 0
github.com/open-edge-platform/os-image-composer/internal/image/imageinspect/compare_efi.go:35.71,37.34 2 1
github.com/open-edge-platform/os-image-composer/internal/image/imageinspect/compare_efi.go:37.34,39.3 1 1
github.com/open-edge-platform/os-image-composer/internal/image/imageinspect/compare_efi.go:41.2,41.38 1 1
github.com/open-edge-platform/os-image-composer/internal/image/imageinspect/compare_efi.go:41.38,41.74 1 1
github.com/open-edge-platform/os-image-composer/internal/image/imageinspect/compare_efi.go:42.2,42.12 1 1
github.com/open-edge-platform/os-image-composer/internal/image/imageinspect/compare_efi.go:45.78,46.25 1 1
github.com/open-edge-platform/os-image-composer/internal/image/imageinspect/compare_efi.go:46.25,48.3 1 1
github.com/open-edge-platform/os-image-composer/internal/image/imageinspect/compare_efi.go:50.2,50.40 1 1
github.com/open-edge-platform/os-image-composer/internal/image/imageinspect/compare_efi.go:50.40,52.3 1 1
github.com/open-edge-platform/os-image-composer/internal/image/imageinspect/compare_efi.go:54.2,55.38 2 1
github.com/open-edge-platform/os-image-composer/internal/image/imageinspect/compare_efi.go:55.38,55.74 1 1
github.com/open-edge-platform/os-image-composer/internal/image/imageinspect/compare_efi.go:56.2,56.12 1 1
github.com/open-edge-platform/os-image-composer/internal/image/imageinspect/compare_efi.go:59.69,65.25 4 1
github.com/open-edge-platform/os-image-composer/internal/image/imageinspect/compare_efi.go:65.25,67.3 1 1
github.com/open-edge-platform/os-image-composer/internal/image/imageinspect/compare_efi.go:68.2,68.23 1 1
github.com/open-edge-platform/os-image-composer/internal/image/imageinspect/compare_efi.go:68.23,70.3 1 1
github.com/open-edge-platform/os-image-composer/internal/image/imageinspect/compare_efi.go:72.2,74.20 3 1
github.com/open-edge-platform/os-image-composer/internal/image/imageinspect/compare_efi.go:74.20,77.3 2 1
github.com/open-edge-platform/os-image-composer/internal/image/imageinspect/compare_efi.go:78.2,78.20 1 1
github.com/open-edge-platform/os-image-composer/internal/image/imageinspect/compare_efi.go:78.20,79.28 1 1
github.com/open-edge-platform/os-image-composer/internal/image/imageinspect/compare_efi.go:79.28,81.4 1 1
github.com/open-edge-platform/os-image-composer/internal/image/imageinspect/compare_efi.go:83.2,85.25 2 1
github.com/open-edge-platform/os-image-composer/internal/image/imageinspect/compare_efi.go:85.25,89.10 3 1
github.com/open-edge-platform/os-image-composer/internal/image/imageinspect/compare_efi.go:90.20,91.40 1 1
github.com/open-edge-platform/os-image-composer/internal/image/imageinspect/compare_efi.go:92.20,93.36 1 1
github.com/open-edge-platform/os-image-composer/internal/image/imageinspect/compare_efi.go:94.19,95.30 1 1
github.com/open-edge-platform/os-image-composer/internal/image/imageinspect/compare_efi.go:95.30,96.13 1 1
github.com/open-edge-platform/os-image-composer/internal/image/imageinspect/compare_efi.go:98.4,105.44 4 1
github.com/open-edge-platform/os-image-composer/internal/image/imageinspect/compare_efi.go:109.2,109.12 1 1
github.com/open-edge-platform/os-image-composer/internal/image/imageinspect/compare_efi.go:112.91,113.42 1 1
github.com/open-edge-platform/os-image-composer/internal/image/imageinspect/compare_efi.go:113.42,115.3 1 1
github.com/open-edge-platform/os-image-composer/internal/image/imageinspect/compare_efi.go:116.2,116.26 1 1
github.com/open-edge-platform/os-image-composer/internal/image/imageinspect/compare_efi.go:116.26,118.3 1 1
github.com/open-edge-platform/os-image-composer/internal/image/imageinspect/compare_efi.go:119.2,119.22 1 1
github.com/open-edge-platform/os-image-composer/internal/image/imageinspect/compare_efi.go:119.22,121.3 1 0
github.com/open-edge-platform/os-image-composer/internal/image/imageinspect/compare_efi.go:122.2,122.22 1 1
github.com/open-edge-platform/os-image-composer/internal/image/imageinspect/compare_efi.go:122.22,124.3 1 1
github.com/open-edge-platform/os-image-composer/internal/image/imageinspect/compare_efi.go:125.2,125.22 1 1
github.com/open-edge-platform/os-image-composer/internal/image/imageinspect/compare_efi.go:125.22,127.3 1 1
github.com/open-edge-platform/os-image-composer/internal/image/imageinspect/compare_efi.go:128.2,128.26 1 1
github.com/open-edge-platform/os-image-composer/internal/image/imageinspect/compare_efi.go:128.26,130.3 1 1
github.com/open-edge-platform/os-image-composer/internal/image/imageinspect/compare_efi.go:131.2,131.40 1 1
github.com/open-edge-platform/os-image-composer/internal/image/imageinspect/compare_efi.go:131.40,133.3 1 0
github.com/open-edge-platform/os-image-composer/internal/image/imageinspect/compare_efi.go:134.2,134.28 1 1
github.com/open-edge-platform/os-image-composer/internal/image/imageinspect/compare_efi.go:134.28,136.3 1 0
github.com/open-edge-platform/os-image-composer/internal/image/imageinspect/compare_efi.go:137.2,137.24 1 1
github.com/open-edge-platform/os-image-composer/internal/image/imageinspect/compare_efi.go:137.24,139.3 1 0
github.com/open-edge-platform/os-image-composer/internal/image/imageinspect/compare_efi.go:142.2,142.38 1 1
github.com/open-edge-platform/os-image-composer/internal/image/imageinspect/compare_efi.go:142.38,144.3 1 1
github.com/open-edge-platform/os-image-composer/internal/image/imageinspect/compare_efi.go:145.2,145.38 1 1
github.com/open-edge-platform/os-image-composer/internal/image/imageinspect/compare_efi.go:145.38,147.3 1 0
github.com/open-edge-platform/os-image-composer/internal/image/imageinspect/compare_efi.go:148.2,148.40 1 1
github.com/open-edge-platform/os-image-composer/internal/image/imageinspect/compare_efi.go:148.40,150.3 1 0
github.com/open-edge-platform/os-image-composer/internal/image/imageinspect/compare_efi.go:151.2,151.36 1 1
github.com/open-edge-platform/os-image-composer/internal/image/imageinspect/compare_efi.go:151.36,153.3 1 0
github.com/open-edge-platform/os-image-composer/internal/image/imageinspect/compare_efi.go:154.2,154.36 1 1
github.com/open-edge-platform/os-image-composer/internal/image/imageinspect/compare_efi.go:154.36,156.3 1 0
github.com/open-edge-platform/os-image-composer/internal/image/imageinspect/compare_efi.go:158.2,158.12 1 1
github.com/open-edge-platform/os-image-composer/internal/image/imageinspect/compare_efi.go:161.62,163.81 1 1
github.com/open-edge-platform/os-image-composer/internal/image/imageinspect/compare_efi.go:163.81,170.59 1 1
github.com/open-edge-platform/os-image-composer/internal/image/imageinspect/compare_efi.go:170.59,172.4 1 1
github.com/open-edge-platform/os-image-composer/internal/image/imageinspect/compare_efi.go:175.2,176.38 2 1
github.com/open-edge-platform/os-image-composer/internal/image/imageinspect/compare_efi.go:176.38,179.3 2 1
github.com/open-edge-platform/os-image-composer/internal/image/imageinspect/compare_efi.go:180.2,180.38 1 1
github.com/open-edge-platform/os-image-composer/internal/image/imageinspect/compare_efi.go:180.38,183.3 2 0
github.com/open-edge-platform/os-image-composer/internal/image/imageinspect/compare_efi.go:184.2,184.40 1 1
github.com/open-edge-platform/os-image-composer/internal/image/imageinspect/compare_efi.go:184.40,187.3 2 0
github.com/open-edge-platform/os-image-composer/internal/image/imageinspect/compare_efi.go:188.2,188.36 1 1
github.com/open-edge-platform/os-image-composer/internal/image/imageinspect/compare_efi.go:188.36,191.3 2 0
github.com/open-edge-platform/os-image-composer/internal/image/imageinspect/compare_efi.go:192.2,192.36 1 1
github.com/open-edge-platform/os-image-composer/internal/image/imageinspect/compare_efi.go:192.36,195.3 2 0
github.com/open-edge-platform/os-image-composer/internal/image/imageinspect/compare_efi.go:198.2,199.70 2 1
github.com/open-edge-platform/os-image-composer/internal/image/imageinspect/compare_efi.go:199.70,202.3 2 1
github.com/open-edge-platform/os-image-composer/internal/image/imageinspect/compare_efi.go:204.2,204.16 1 1
github.com/open-edge-platform/os-image-composer/internal/image/imageinspect/compare_efi.go:204.16,206.3 1 0
github.com/open-edge-platform/os-image-composer/internal/image/imageinspect/compare_efi.go:207.2,207.10 1 1
github.com/open-edge-platform/os-image-composer/internal/image/imageinspect/compare_efi.go:210.59,218.14 2 1
github.com/open-edge-platform/os-image-composer/internal/image/imageinspect/compare_efi.go:218.14,220.3 1 1
github.com/open-edge-platform/os-image-composer/internal/image/imageinspect/compare_efi.go:221.2,221.14 1 1
github.com/open-edge-platform/os-image-composer/internal/image/imageinspect/compare_efi.go:221.14,223.3 1 1
github.com/open-edge-platform/os-image-composer/internal/image/imageinspect/compare_efi.go:225.2,226.23 2 1
github.com/open-edge-platform/os-image-composer/internal/image/imageinspect/compare_efi.go:226.23,228.26 2 1
github.com/open-edge-platform/os-image-composer/internal/image/imageinspect/compare_efi.go:228.26,230.4 1 1
github.com/open-edge-platform/os-image-composer/internal/image/imageinspect/compare_efi.go:230.9,230.22 1 1
github.com/open-edge-platform/os-image-composer/internal/image/imageinspect/compare_efi.go:230.22,232.4 1 1
github.com/open-edge-platform/os-image-composer/internal/image/imageinspect/compare_efi.go:234.2,234.23 1 1
github.com/open-edge-platform/os-image-composer/internal/image/imageinspect/compare_efi.go:234.23,235.27 1 1
github.com/open-edge-platform/os-image-composer/internal/image/imageinspect/compare_efi.go:235.27,236.12 1 1
github.com/open-edge-platform/os-image-composer/internal/image/imageinspect/compare_efi.go:238.3,238.20 1 1
github.com/open-edge-platform/os-image-composer/internal/image/imageinspect/compare_efi.go:242.2,242.25 1 1
github.com/open-edge-platform/os-image-composer/internal/image/imageinspect/compare_efi.go:242.25,244.3 1 1
github.com/open-edge-platform/os-image-composer/internal/image/imageinspect/compare_efi.go:245.2,245.27 1 1
github.com/open-edge-platform/os-image-composer/internal/image/imageinspect/compare_efi.go:245.27,247.3 1 1
github.com/open-edge-platform/os-image-composer/internal/image/imageinspect/compare_efi.go:248.2,248.28 1 1
github.com/open-edge-platform/os-image-composer/internal/image/imageinspect/compare_efi.go:248.28,250.3 1 1
github.com/open-edge-platform/os-image-composer/internal/image/imageinspect/compare_efi.go:252.2,252.12 1 1
github.com/open-edge-platform/os-image-composer/internal/image/imageinspect/compare_normalize.go:5.52,10.58 2 1
github.com/open-edge-platform/os-image-composer/internal/image/imageinspect/compare_normalize.go:10.58,12.3 1 0
github.com/open-edge-platform/os-image-composer/internal/image/imageinspect/compare_normalize.go:14.2,14.60 1 1
github.com/open-edge-platform/os-image-composer/internal/image/imageinspect/compare_normalize.go:14.60,16.3 1 0
github.com/open-edge-platform/os-image-composer/internal/image/imageinspect/compare_normalize.go:18.2,18.61 1 1
github.com/open-edge-platform/os-image-composer/internal/image/imageinspect/compare_normalize.go:18.61,20.3 1 0
github.com/open-edge-platform/os-image-composer/internal/image/imageinspect/compare_normalize.go:23.2,23.59 1 1
github.com/open-edge-platform/os-image-composer/internal/image/imageinspect/compare_normalize.go:23.59,23.137 1 0
github.com/open-edge-platform/os-image-composer/internal/image/imageinspect/compare_normalize.go:24.2,24.61 1 1
github.com/open-edge-platform/os-image-composer/internal/image/imageinspect/compare_normalize.go:24.61,24.143 1 0
github.com/open-edge-platform/os-image-composer/internal/image/imageinspect/compare_normalize.go:25.2,25.62 1 1
github.com/open-edge-platform/os-image-composer/internal/image/imageinspect/compare_normalize.go:25.62,25.144 1 0
github.com/open-edge-platform/os-image-composer/internal/image/imageinspect/compare_normalize.go:28.2,28.44 1 1
github.com/open-edge-platform/os-image-composer/internal/image/imageinspect/compare_normalize.go:28.44,30.27 2 1
github.com/open-edge-platform/os-image-composer/internal/image/imageinspect/compare_normalize.go:30.27,31.12 1 1
github.com/open-edge-platform/os-image-composer/internal/image/imageinspect/compare_normalize.go:33.3,33.55 1 1
github.com/open-edge-platform/os-image-composer/internal/image/imageinspect/compare_normalize.go:33.55,33.123 1 0
github.com/open-edge-platform/os-image-composer/internal/image/imageinspect/compare_normalize.go:34.3,34.57 1 1
github.com/open-edge-platform/os-image-composer/internal/image/imageinspect/compare_normalize.go:34.57,34.129 1 0
github.com/open-edge-platform/os-image-composer/internal/image/imageinspect/compare_normalize.go:35.3,35.58 1 1
github.com/open-edge-platform/os-image-composer/internal/image/imageinspect/compare_normalize.go:35.58,35.130 1 0
github.com/open-edge-platform/os-image-composer/internal/image/imageinspect/fs_inspect.go:19.31,21.29 1 1
github.com/open-edge-platform/os-image-composer/internal/image/imageinspect/fs_inspect.go:21.29,23.3 1 1
github.com/open-edge-platform/os-image-composer/internal/image/imageinspect/fs_inspect.go:24.2,24.31 1 1
github.com/open-edge-platform/os-image-composer/internal/image/imageinspect/fs_inspect.go:24.31,26.3 1 1
github.com/open-edge-platform/os-image-composer/internal/image/imageinspect/fs_inspect.go:28.2,29.34 2 1
github.com/open-edge-platform/os-image-composer/internal/image/imageinspect/fs_inspect.go:29.34,32.32 2 1
github.com/open-edge-platform/os-image-composer/internal/image/imageinspect/fs_inspect.go:32.32,34.4 1 1
github.com/open-edge-platform/os-image-composer/internal/image/imageinspect/fs_inspect.go:36.3,37.9 2 1
github.com/open-edge-platform/os-image-composer/internal/image/imageinspect/fs_inspect.go:37.9,38.66 1 1
github.com/open-edge-platform/os-image-composer/internal/image/imageinspect/fs_inspect.go:38.66,39.29 1 0
github.com/open-edge-platform/os-image-composer/internal/image/imageinspect/fs_inspect.go:39.29,41.6 1 0
github.com/open-edge-platform/os-image-composer/internal/image/imageinspect/fs_inspect.go:42.5,43.56 2 0
github.com/open-edge-platform/os-image-composer/internal/image/imageinspect/fs_inspect.go:44.10,45.29 1 1
github.com/open-edge-platform/os-image-composer/internal/image/imageinspect/fs_inspect.go:45.29,47.6 1 1
github.com/open-edge-platform/os-image-composer/internal/image/imageinspect/fs_inspect.go:48.5,48.85 1 1
github.com/open-edge-platform/os-image-composer/internal/image/imageinspect/fs_inspect.go:48.85,52.6 1 1
github.com/open-edge-platform/os-image-composer/internal/image/imageinspect/fs_inspect.go:54.9,55.28 1 0
github.com/open-edge-platform/os-image-composer/internal/image/imageinspect/fs_inspect.go:55.28,57.5 1 0
github.com/open-edge-platform/os-image-composer/internal/image/imageinspect/fs_inspect.go:58.4,58.115 1 0
github.com/open-edge-platform/os-image-composer/internal/image/imageinspect/fs_inspect.go:61.3,61.63 1 1
github.com/open-edge-platform/os-image-composer/internal/image/imageinspect/fs_inspect.go:61.63,63.4 1 0
github.com/open-edge-platform/os-image-composer/internal/image/imageinspect/fs_inspect.go:65.3,65.38 1 1
github.com/open-edge-platform/os-image-composer/internal/image/imageinspect/fs_inspect.go:68.2,68.24 1 1
github.com/open-edge-platform/os-image-composer/internal/image/imageinspect/fs_inspect.go:72.100,73.25 1 1
github.com/open-edge-platform/os-image-composer/internal/image/imageinspect/fs_inspect.go:73.25,75.3 1 0
github.com/open-edge-platform/os-image-composer/internal/image/imageinspect/fs_inspect.go:77.2,78.21 2 1
github.com/open-edge-platform/os-image-composer/internal/image/imageinspect/fs_inspect.go:78.21,80.3 1 0
github.com/open-edge-platform/os-image-composer/internal/image/imageinspect/fs_inspect.go:81.2,81.21 1 1
github.com/open-edge-platform/os-image-composer/internal/image/imageinspect/fs_inspect.go:81.21,83.3 1 0
github.com/open-edge-platform/os-image-composer/internal/image/imageinspect/fs_inspect.go:85.2,88.41 3 1
github.com/open-edge-platform/os-image-composer/internal/image/imageinspect/fs_inspect.go:88.41,90.34 2 1
github.com/open-edge-platform/os-image-composer/internal/image/imageinspect/fs_inspect.go:90.34,93.4 2 1
github.com/open-edge-platform/os-image-composer/internal/image/imageinspect/fs_inspect.go:96.2,96.16 1 1
github.com/open-edge-platform/os-image-composer/internal/image/imageinspect/fs_inspect.go:97.30,99.55 2 0
github.com/open-edge-platform/os-image-composer/internal/image/imageinspect/fs_inspect.go:101.30,104.73 3 0
github.com/open-edge-platform/os-image-composer/internal/image/imageinspect/fs_inspect.go:104.73,105.79 1 0
github.com/open-edge-platform/os-image-composer/internal/image/imageinspect/fs_inspect.go:105.79,107.5 1 0
github.com/open-edge-platform/os-image-composer/internal/image/imageinspect/fs_inspect.go:109.3,109.13 1 0
github.com/open-edge-platform/os-image-composer/internal/image/imageinspect/fs_inspect.go:111.18,113.60 2 0
github.com/open-edge-platform/os-image-composer/internal/image/imageinspect/fs_inspect.go:115.10,116.13 1 1
github.com/open-edge-platform/os-image-composer/internal/image/imageinspect/fs_inspect.go:122.72,125.68 2 1
github.com/open-edge-platform/os-image-composer/internal/image/imageinspect/fs_inspect.go:125.68,127.3 1 0
github.com/open-edge-platform/os-image-composer/internal/image/imageinspect/fs_inspect.go:128.2,128.20 1 1
github.com/open-edge-platform/os-image-composer/internal/image/imageinspect/fs_inspect.go:128.20,129.65 1 1
github.com/open-edge-platform/os-image-composer/internal/image/imageinspect/fs_inspect.go:129.65,131.4 1 1
github.com/open-edge-platform/os-image-composer/internal/image/imageinspect/fs_inspect.go:135.2,136.63 2 1
github.com/open-edge-platform/os-image-composer/internal/image/imageinspect/fs_inspect.go:136.63,137.49 1 1
github.com/open-edge-platform/os-image-composer/internal/image/imageinspect/fs_inspect.go:137.49,139.4 1 1
github.com/open-edge-platform/os-image-composer/internal/image/imageinspect/fs_inspect.go:143.2,144.54 2 1
github.com/open-edge-platform/os-image-composer/internal/image/imageinspect/fs_inspect.go:144.54,145.39 1 1
github.com/open-edge-platform/os-image-composer/internal/image/imageinspect/fs_inspect.go:145.39,147.4 1 1
github.com/open-edge-platform/os-image-composer/internal/image/imageinspect/fs_inspect.go:150.2,150.23 1 1
github.com/open-edge-platform/os-image-composer/internal/image/imageinspect/fs_inspect.go:154.84,156.71 2 1
github.com/open-edge-platform/os-image-composer/internal/image/imageinspect/fs_inspect.go:156.71,158.3 1 0
github.com/open-edge-platform/os-image-composer/internal/image/imageinspect/fs_inspect.go:160.2,161.21 2 1
github.com/open-edge-platform/os-image-composer/internal/image/imageinspect/fs_inspect.go:161.21,163.3 1 1
github.com/open-edge-platform/os-image-composer/internal/image/imageinspect/fs_inspect.go:166.2,181.12 9 1
github.com/open-edge-platform/os-image-composer/internal/image/imageinspect/fs_inspect.go:184.84,186.66 2 1
github.com/open-edge-platform/os-image-composer/internal/image/imageinspect/fs_inspect.go:186.66,188.3 1 0
github.com/open-edge-platform/os-image-composer/internal/image/imageinspect/fs_inspect.go:189.2,189.40 1 1
github.com/open-edge-platform/os-image-composer/internal/image/imageinspect/fs_inspect.go:189.40,191.3 1 1
github.com/open-edge-platform/os-image-composer/internal/image/imageinspect/fs_inspect.go:194.2,209.21 13 1
github.com/open-edge-platform/os-image-composer/internal/image/imageinspect/fs_inspect.go:210.29,210.29 0 1
github.com/open-edge-platform/os-image-composer/internal/image/imageinspect/fs_inspect.go:212.10,213.64 1 0
github.com/open-edge-platform/os-image-composer/internal/image/imageinspect/fs_inspect.go:215.2,215.21 1 1
github.com/open-edge-platform/os-image-composer/internal/image/imageinspect/fs_inspect.go:215.21,217.3 1 1
github.com/open-edge-platform/os-image-composer/internal/image/imageinspect/fs_inspect.go:218.2,218.18 1 1
github.com/open-edge-platform/os-image-composer/internal/image/imageinspect/fs_inspect.go:218.18,220.3 1 0
github.com/open-edge-platform/os-image-composer/internal/image/imageinspect/fs_inspect.go:223.2,224.23 2 1
github.com/open-edge-platform/os-image-composer/internal/image/imageinspect/fs_inspect.go:224.23,226.3 1 1
github.com/open-edge-platform/os-image-composer/internal/image/imageinspect/fs_inspect.go:227.2,227.23 1 1
github.com/open-edge-platform/os-image-composer/internal/image/imageinspect/fs_inspect.go:227.23,229.3 1 0
github.com/open-edge-platform/os-image-composer/internal/image/imageinspect/fs_inspect.go:235.2,237.13 2 1
github.com/open-edge-platform/os-image-composer/internal/image/imageinspect/fs_inspect.go:237.13,248.3 8 1
github.com/open-edge-platform/os-image-composer/internal/image/imageinspect/fs_inspect.go:251.2,255.21 3 1
github.com/open-edge-platform/os-image-composer/internal/image/imageinspect/fs_inspect.go:255.21,257.3 1 0
github.com/open-edge-platform/os-image-composer/internal/image/imageinspect/fs_inspect.go:259.2,264.9 4 1
github.com/open-edge-platform/os-image-composer/internal/image/imageinspect/fs_inspect.go:265.27,266.24 1 0
github.com/open-edge-platform/os-image-composer/internal/image/imageinspect/fs_inspect.go:267.28,268.24 1 1
github.com/open-edge-platform/os-image-composer/internal/image/imageinspect/fs_inspect.go:269.10,271.24 1 0
github.com/open-edge-platform/os-image-composer/internal/image/imageinspect/fs_inspect.go:275.2,283.12 4 1
github.com/open-edge-platform/os-image-composer/internal/image/imageinspect/fs_inspect.go:287.89,289.66 2 1
github.com/open-edge-platform/os-image-composer/internal/image/imageinspect/fs_inspect.go:289.66,291.3 1 0
github.com/open-edge-platform/os-image-composer/internal/image/imageinspect/fs_inspect.go:293.2,293.60 1 1
github.com/open-edge-platform/os-image-composer/internal/image/imageinspect/fs_inspect.go:293.60,295.3 1 0
github.com/open-edge-platform/os-image-composer/internal/image/imageinspect/fs_inspect.go:297.2,309.12 9 1
github.com/open-edge-platform/os-image-composer/internal/image/imageinspect/fs_inspect.go:313.46,317.2 1 1
github.com/open-edge-platform/os-image-composer/internal/image/imageinspect/fs_inspect.go:320.32,323.2 2 1
github.com/open-edge-platform/os-image-composer/internal/image/imageinspect/fs_inspect.go:326.57,327.16 1 0
github.com/open-edge-platform/os-image-composer/internal/image/imageinspect/fs_inspect.go:328.28,329.16 1 0
github.com/open-edge-platform/os-image-composer/internal/image/imageinspect/fs_inspect.go:330.30,331.19 1 0
github.com/open-edge-platform/os-image-composer/internal/image/imageinspect/fs_inspect.go:332.31,333.20 1 0
github.com/open-edge-platform/os-image-composer/internal/image/imageinspect/fs_inspect.go:334.27,335.16 1 0
github.com/open-edge-platform/os-image-composer/internal/image/imageinspect/fs_inspect.go:336.10,337.19 1 0
github.com/open-edge-platform/os-image-composer/internal/image/imageinspect/fs_inspect.go:342.46,343.12 1 1
github.com/open-edge-platform/os-image-composer/internal/image/imageinspect/fs_inspect.go:344.9,345.16 1 0
github.com/open-edge-platform/os-image-composer/internal/image/imageinspect/fs_inspect.go:346.9,347.16 1 0
github.com/open-edge-platform/os-image-composer/internal/image/imageinspect/fs_inspect.go:348.9,349.15 1 0
github.com/open-edge-platform/os-image-composer/internal/image/imageinspect/fs_inspect.go:350.9,351.14 1 1
github.com/open-edge-platform/os-image-composer/internal/image/imageinspect/fs_inspect.go:352.9,353.15 1 0
github.com/open-edge-platform/os-image-composer/internal/image/imageinspect/fs_inspect.go:354.9,355.16 1 0
github.com/open-edge-platform/os-image-composer/internal/image/imageinspect/fs_inspect.go:356.10,357.40 1 0
github.com/open-edge-platform/os-image-composer/internal/image/imageinspect/fs_inspect.go:362.47,370.28 3 1
github.com/open-edge-platform/os-image-composer/internal/image/imageinspect/fs_inspect.go:370.28,372.3 1 0
github.com/open-edge-platform/os-image-composer/internal/image/imageinspect/fs_inspect.go:373.2,373.25 1 1
github.com/open-edge-platform/os-image-composer/internal/image/imageinspect/fs_inspect.go:373.25,375.3 1 1
github.com/open-edge-platform/os-image-composer/internal/image/imageinspect/fs_inspect.go:376.2,376.25 1 1
github.com/open-edge-platform/os-image-composer/internal/image/imageinspect/fs_inspect.go:376.25,378.3 1 0
github.com/open-edge-platform/os-image-composer/internal/image/imageinspect/fs_inspect.go:379.2,379.23 1 1
github.com/open-edge-platform/os-image-composer/internal/image/imageinspect/fs_inspect.go:379.23,381.3 1 0
github.com/open-edge-platform/os-image-composer/internal/image/imageinspect/fs_inspect.go:382.2,382.12 1 1
github.com/open-edge-platform/os-image-composer/internal/image/imageinspect/fs_inspect.go:386.62,405.38 5 1
github.com/open-edge-platform/os-image-composer/internal/image/imageinspect/fs_inspect.go:405.38,407.3 1 1
github.com/open-edge-platform/os-image-composer/internal/image/imageinspect/fs_inspect.go:408.2,408.36 1 1
github.com/open-edge-platform/os-image-composer/internal/image/imageinspect/fs_inspect.go:408.36,410.3 1 0
github.com/open-edge-platform/os-image-composer/internal/image/imageinspect/fs_inspect.go:412.2,412.39 1 1
github.com/open-edge-platform/os-image-composer/internal/image/imageinspect/fs_inspect.go:412.39,414.3 1 1
github.com/open-edge-platform/os-image-composer/internal/image/imageinspect/fs_inspect.go:415.2,415.37 1 1
github.com/open-edge-platform/os-image-composer/internal/image/imageinspect/fs_inspect.go:415.37,417.3 1 0
github.com/open-edge-platform/os-image-composer/internal/image/imageinspect/fs_inspect.go:418.2,418.40 1 1
github.com/open-edge-platform/os-image-composer/internal/image/imageinspect/fs_inspect.go:418.40,420.3 1 0
github.com/open-edge-platform/os-image-composer/internal/image/imageinspect/fs_inspect.go:422.2,422.34 1 1
github.com/open-edge-platform/os-image-composer/internal/image/imageinspect/fs_inspect.go:422.34,424.3 1 1
github.com/open-edge-platform/os-image-composer/internal/image/imageinspect/fs_inspect.go:425.2,425.33 1 1
github.com/open-edge-platform/os-image-composer/internal/image/imageinspect/fs_inspect.go:425.33,427.3 1 0
github.com/open-edge-platform/os-image-composer/internal/image/imageinspect/fs_inspect.go:428.2,428.32 1 1
github.com/open-edge-platform/os-image-composer/internal/image/imageinspect/fs_inspect.go:428.32,430.3 1 0
github.com/open-edge-platform/os-image-composer/internal/image/imageinspect/fs_inspect.go:432.2,432.14 1 1
github.com/open-edge-platform/os-image-composer/internal/image/imageinspect/fs_inspect.go:436.34,437.18 1 1
github.com/open-edge-platform/os-image-composer/internal/image/imageinspect/fs_inspect.go:437.18,439.3 1 0
github.com/open-edge-platform/os-image-composer/internal/image/imageinspect/fs_inspect.go:440.2,446.3 1 1
github.com/open-edge-platform/os-image-composer/internal/image/imageinspect/fs_raw.go:67.91,69.16 2 0
github.com/open-edge-platform/os-image-composer/internal/image/imageinspect/fs_raw.go:69.16,71.3 1 0
github.com/open-edge-platform/os-image-composer/internal/image/imageinspect/fs_raw.go:73.2,73.45 1 0
github.com/open-edge-platform/os-image-composer/internal/image/imageinspect/fs_raw.go:73.45,75.3 1 0
github.com/open-edge-platform/os-image-composer/internal/image/imageinspect/fs_raw.go:77.2,89.21 6 0
github.com/open-edge-platform/os-image-composer/internal/image/imageinspect/fs_raw.go:89.21,94.17 4 0
github.com/open-edge-platform/os-image-composer/internal/image/imageinspect/fs_raw.go:94.17,95.12 1 0
github.com/open-edge-platform/os-image-composer/internal/image/imageinspect/fs_raw.go:98.3,98.27 1 0
github.com/open-edge-platform/os-image-composer/internal/image/imageinspect/fs_raw.go:98.27,101.16 2 0
github.com/open-edge-platform/os-image-composer/internal/image/imageinspect/fs_raw.go:101.16,103.13 2 0
github.com/open-edge-platform/os-image-composer/internal/image/imageinspect/fs_raw.go:106.4,107.45 2 0
github.com/open-edge-platform/os-image-composer/internal/image/imageinspect/fs_raw.go:107.45,108.13 1 0
github.com/open-edge-platform/os-image-composer/internal/image/imageinspect/fs_raw.go:111.4,112.36 2 0
github.com/open-edge-platform/os-image-composer/internal/image/imageinspect/fs_raw.go:112.36,113.13 1 0
github.com/open-edge-platform/os-image-composer/internal/image/imageinspect/fs_raw.go:115.4,117.50 2 0
github.com/open-edge-platform/os-image-composer/internal/image/imageinspect/fs_raw.go:117.50,119.5 1 0
github.com/open-edge-platform/os-image-composer/internal/image/imageinspect/fs_raw.go:120.4,120.43 1 0
github.com/open-edge-platform/os-image-composer/internal/image/imageinspect/fs_raw.go:120.43,122.5 1 0
github.com/open-edge-platform/os-image-composer/internal/image/imageinspect/fs_raw.go:124.4,125.18 2 0
github.com/open-edge-platform/os-image-composer/internal/image/imageinspect/fs_raw.go:125.18,127.13 2 0
github.com/open-edge-platform/os-image-composer/internal/image/imageinspect/fs_raw.go:130.4,131.18 2 0
github.com/open-edge-platform/os-image-composer/internal/image/imageinspect/fs_raw.go:131.18,133.13 2 0
github.com/open-edge-platform/os-image-composer/internal/image/imageinspect/fs_raw.go:136.4,137.51 2 0
github.com/open-edge-platform/os-image-composer/internal/image/imageinspect/fs_raw.go:141.2,142.50 2 0
github.com/open-edge-platform/os-image-composer/internal/image/imageinspect/fs_raw.go:142.50,142.110 1 0
github.com/open-edge-platform/os-image-composer/internal/image/imageinspect/fs_raw.go:144.2,146.12 3 0
github.com/open-edge-platform/os-image-composer/internal/image/imageinspect/fs_raw.go:150.33,153.2 2 1
github.com/open-edge-platform/os-image-composer/internal/image/imageinspect/fs_raw.go:156.73,164.45 6 0
github.com/open-edge-platform/os-image-composer/internal/image/imageinspect/fs_raw.go:164.45,165.14 1 0
github.com/open-edge-platform/os-image-composer/internal/image/imageinspect/fs_raw.go:165.14,167.4 1 0
github.com/open-edge-platform/os-image-composer/internal/image/imageinspect/fs_raw.go:168.3,172.68 4 0
github.com/open-edge-platform/os-image-composer/internal/image/imageinspect/fs_raw.go:172.68,174.4 1 0
github.com/open-edge-platform/os-image-composer/internal/image/imageinspect/fs_raw.go:176.3,177.20 2 0
github.com/open-edge-platform/os-image-composer/internal/image/imageinspect/fs_raw.go:177.20,179.4 1 0
github.com/open-edge-platform/os-image-composer/internal/image/imageinspect/fs_raw.go:180.3,184.17 4 0
github.com/open-edge-platform/os-image-composer/internal/image/imageinspect/fs_raw.go:184.17,186.4 1 0
github.com/open-edge-platform/os-image-composer/internal/image/imageinspect/fs_raw.go:187.3,187.11 1 0
github.com/open-edge-platform/os-image-composer/internal/image/imageinspect/fs_raw.go:190.2,190.32 1 0
github.com/open-edge-platform/os-image-composer/internal/image/imageinspect/fs_raw.go:194.61,196.15 2 0
github.com/open-edge-platform/os-image-composer/internal/image/imageinspect/fs_raw.go:196.15,198.3 1 0
github.com/open-edge-platform/os-image-composer/internal/image/imageinspect/fs_raw.go:200.2,201.16 2 0
github.com/open-edge-platform/os-image-composer/internal/image/imageinspect/fs_raw.go:201.16,203.3 1 0
github.com/open-edge-platform/os-image-composer/internal/image/imageinspect/fs_raw.go:204.2,204.14 1 0
github.com/open-edge-platform/os-image-composer/internal/image/imageinspect/fs_raw.go:204.14,206.3 1 0
github.com/open-edge-platform/os-image-composer/internal/image/imageinspect/fs_raw.go:208.2,208.45 1 0
github.com/open-edge-platform/os-image-composer/internal/image/imageinspect/fs_raw.go:212.59,214.13 2 0
github.com/open-edge-platform/os-image-composer/internal/image/imageinspect/fs_raw.go:214.13,216.3 1 0
github.com/open-edge-platform/os-image-composer/internal/image/imageinspect/fs_raw.go:217.2,220.16 3 0
github.com/open-edge-platform/os-image-composer/internal/image/imageinspect/fs_raw.go:220.16,222.3 1 0
github.com/open-edge-platform/os-image-composer/internal/image/imageinspect/fs_raw.go:224.2,224.29 1 0
github.com/open-edge-platform/os-image-composer/internal/image/imageinspect/fs_raw.go:224.29,226.26 2 0
github.com/open-edge-platform/os-image-composer/internal/image/imageinspect/fs_raw.go:226.26,227.39 1 0
github.com/open-edge-platform/os-image-composer/internal/image/imageinspect/fs_raw.go:227.39,230.10 3 0
github.com/open-edge-platform/os-image-composer/internal/image/imageinspect/fs_raw.go:233.3,233.19 1 0
github.com/open-edge-platform/os-image-composer/internal/image/imageinspect/fs_raw.go:233.19,235.4 1 0
github.com/open-edge-platform/os-image-composer/internal/image/imageinspect/fs_raw.go:236.3,236.24 1 0
github.com/open-edge-platform/os-image-composer/internal/image/imageinspect/fs_raw.go:236.24,238.4 1 0
github.com/open-edge-platform/os-image-composer/internal/image/imageinspect/fs_raw.go:239.3,239.19 1 0
github.com/open-edge-platform/os-image-composer/internal/image/imageinspect/fs_raw.go:239.19,241.4 1 0
github.com/open-edge-platform/os-image-composer/internal/image/imageinspect/fs_raw.go:242.3,243.17 2 0
github.com/open-edge-platform/os-image-composer/internal/image/imageinspect/fs_raw.go:243.17,245.4 1 0
github.com/open-edge-platform/os-image-composer/internal/image/imageinspect/fs_raw.go:248.2,248.28 1 0
github.com/open-edge-platform/os-image-composer/internal/image/imageinspect/fs_raw.go:252.81,257.28 4 0
github.com/open-edge-platform/os-image-composer/internal/image/imageinspect/fs_raw.go:257.28,258.14 1 0
github.com/open-edge-platform/os-image-composer/internal/image/imageinspect/fs_raw.go:258.14,260.4 1 0
github.com/open-edge-platform/os-image-composer/internal/image/imageinspect/fs_raw.go:261.3,265.68 4 0
github.com/open-edge-platform/os-image-composer/internal/image/imageinspect/fs_raw.go:265.68,267.4 1 0
github.com/open-edge-platform/os-image-composer/internal/image/imageinspect/fs_raw.go:268.3,271.17 3 0
github.com/open-edge-platform/os-image-composer/internal/image/imageinspect/fs_raw.go:271.17,273.4 1 0
github.com/open-edge-platform/os-image-composer/internal/image/imageinspect/fs_raw.go:274.3,274.11 1 0
github.com/open-edge-platform/os-image-composer/internal/image/imageinspect/fs_raw.go:277.2,277.29 1 0
github.com/open-edge-platform/os-image-composer/internal/image/imageinspect/fs_raw.go:281.57,285.46 3 1
github.com/open-edge-platform/os-image-composer/internal/image/imageinspect/fs_raw.go:285.46,287.19 2 1
github.com/open-edge-platform/os-image-composer/internal/image/imageinspect/fs_raw.go:287.19,288.9 1 0
github.com/open-edge-platform/os-image-composer/internal/image/imageinspect/fs_raw.go:290.3,290.19 1 1
github.com/open-edge-platform/os-image-composer/internal/image/imageinspect/fs_raw.go:290.19,292.12 2 0
github.com/open-edge-platform/os-image-composer/internal/image/imageinspect/fs_raw.go:295.3,296.19 2 1
github.com/open-edge-platform/os-image-composer/internal/image/imageinspect/fs_raw.go:296.19,298.18 2 0
github.com/open-edge-platform/os-image-composer/internal/image/imageinspect/fs_raw.go:298.18,300.5 1 0
github.com/open-edge-platform/os-image-composer/internal/image/imageinspect/fs_raw.go:301.4,301.12 1 0
github.com/open-edge-platform/os-image-composer/internal/image/imageinspect/fs_raw.go:305.3,305.21 1 1
github.com/open-edge-platform/os-image-composer/internal/image/imageinspect/fs_raw.go:305.21,307.12 2 0
github.com/open-edge-platform/os-image-composer/internal/image/imageinspect/fs_raw.go:310.3,311.24 2 1
github.com/open-edge-platform/os-image-composer/internal/image/imageinspect/fs_raw.go:311.24,312.59 1 0
github.com/open-edge-platform/os-image-composer/internal/image/imageinspect/fs_raw.go:312.59,314.5 1 0
github.com/open-edge-platform/os-image-composer/internal/image/imageinspect/fs_raw.go:315.4,315.37 1 0
github.com/open-edge-platform/os-image-composer/internal/image/imageinspect/fs_raw.go:316.9,318.4 1 1
github.com/open-edge-platform/os-image-composer/internal/image/imageinspect/fs_raw.go:319.3,330.34 7 1
github.com/open-edge-platform/os-image-composer/internal/image/imageinspect/fs_raw.go:330.34,331.12 1 0
github.com/open-edge-platform/os-image-composer/internal/image/imageinspect/fs_raw.go:334.3,339.5 1 1
github.com/open-edge-platform/os-image-composer/internal/image/imageinspect/fs_raw.go:342.2,342.17 1 1
github.com/open-edge-platform/os-image-composer/internal/image/imageinspect/fs_raw.go:346.55,347.21 1 0
github.com/open-edge-platform/os-image-composer/internal/image/imageinspect/fs_raw.go:347.21,349.3 1 0
github.com/open-edge-platform/os-image-composer/internal/image/imageinspect/fs_raw.go:352.2,354.76 3 0
github.com/open-edge-platform/os-image-composer/internal/image/imageinspect/fs_raw.go:354.76,356.3 1 0
github.com/open-edge-platform/os-image-composer/internal/image/imageinspect/fs_raw.go:357.2,357.29 1 0
github.com/open-edge-platform/os-image-composer/internal/image/imageinspect/fs_raw.go:361.36,364.15 3 1
github.com/open-edge-platform/os-image-composer/internal/image/imageinspect/fs_raw.go:364.15,366.3 1 1
github.com/open-edge-platform/os-image-composer/internal/image/imageinspect/fs_raw.go:367.2,367.13 1 0
github.com/open-edge-platform/os-image-composer/internal/image/imageinspect/fs_raw.go:371.37,374.32 2 1
github.com/open-edge-platform/os-image-composer/internal/image/imageinspect/fs_raw.go:374.32,374.81 1 1
github.com/open-edge-platform/os-image-composer/internal/image/imageinspect/fs_raw.go:376.2,376.41 1 1
github.com/open-edge-platform/os-image-composer/internal/image/imageinspect/fs_raw.go:376.41,378.3 1 1
github.com/open-edge-platform/os-image-composer/internal/image/imageinspect/fs_raw.go:379.2,379.50 1 1
github.com/open-edge-platform/os-image-composer/internal/image/imageinspect/fs_raw.go:379.50,381.3 1 1
github.com/open-edge-platform/os-image-composer/internal/image/imageinspect/fs_raw.go:382.2,382.34 1 1
github.com/open-edge-platform/os-image-composer/internal/image/imageinspect/fs_raw.go:382.34,384.3 1 1
github.com/open-edge-platform/os-image-composer/internal/image/imageinspect/fs_raw.go:387.2,388.26 2 1
github.com/open-edge-platform/os-image-composer/internal/image/imageinspect/fs_raw.go:388.26,389.33 1 1
github.com/open-edge-platform/os-image-composer/internal/image/imageinspect/fs_raw.go:389.33,390.9 1 1
github.com/open-edge-platform/os-image-composer/internal/image/imageinspect/fs_raw.go:392.3,392.24 1 1
github.com/open-edge-platform/os-image-composer/internal/image/imageinspect/fs_raw.go:394.2,394.20 1 1
github.com/open-edge-platform/os-image-composer/internal/image/imageinspect/fs_raw.go:398.39,399.16 1 0
github.com/open-edge-platform/os-image-composer/internal/image/imageinspect/fs_raw.go:400.13,401.25 1 0
github.com/open-edge-platform/os-image-composer/internal/image/imageinspect/fs_raw.go:402.10,403.21 1 0
github.com/open-edge-platform/os-image-composer/internal/image/imageinspect/fs_raw.go:408.51,410.17 1 0
[...]
github.com/open-edge-platform/os-image-composer/internal/image/imageinspect/renderer_text.go:486.15,488.3 1 0
github.com/open-edge-platform/os-image-composer/internal/image/imageinspect/renderer_text.go:489.2,492.52 2 1
github.com/open-edge-platform/os-image-composer/internal/image/imageinspect/renderer_text.go:492.52,498.40 3 0
github.com/open-edge-platform/os-image-composer/internal/image/imageinspect/renderer_text.go:498.40,498.78 1 0
github.com/open-edge-platform/os-image-composer/internal/image/imageinspect/renderer_text.go:501.3,501.36 1 0
github.com/open-edge-platform/os-image-composer/internal/image/imageinspect/renderer_text.go:501.36,503.4 1 0
github.com/open-edge-platform/os-image-composer/internal/image/imageinspect/renderer_text.go:507.2,507.44 1 1
github.com/open-edge-platform/os-image-composer/internal/image/imageinspect/renderer_text.go:507.44,510.27 3 0
github.com/open-edge-platform/os-image-composer/internal/image/imageinspect/renderer_text.go:510.27,512.4 1 0
github.com/open-edge-platform/os-image-composer/internal/image/imageinspect/renderer_text.go:513.3,513.23 1 0
github.com/open-edge-platform/os-image-composer/internal/image/imageinspect/renderer_text.go:513.23,515.4 1 0
github.com/open-edge-platform/os-image-composer/internal/image/imageinspect/renderer_text.go:516.3,516.26 1 0
github.com/open-edge-platform/os-image-composer/internal/image/imageinspect/renderer_text.go:516.26,518.4 1 0
github.com/open-edge-platform/os-image-composer/internal/image/imageinspect/renderer_text.go:519.3,519.18 1 0
github.com/open-edge-platform/os-image-composer/internal/image/imageinspect/renderer_text.go:523.2,523.23 1 1
github.com/open-edge-platform/os-image-composer/internal/image/imageinspect/renderer_text.go:523.23,525.33 2 0
github.com/open-edge-platform/os-image-composer/internal/image/imageinspect/renderer_text.go:525.33,527.4 1 0
github.com/open-edge-platform/os-image-composer/internal/image/imageinspect/renderer_text.go:531.72,538.79 6 1
github.com/open-edge-platform/os-image-composer/internal/image/imageinspect/renderer_text.go:538.79,540.3 1 0
github.com/open-edge-platform/os-image-composer/internal/image/imageinspect/renderer_text.go:541.2,541.30 1 1
github.com/open-edge-platform/os-image-composer/internal/image/imageinspect/renderer_text.go:541.30,543.3 1 1
github.com/open-edge-platform/os-image-composer/internal/image/imageinspect/renderer_text.go:544.2,544.31 1 1
github.com/open-edge-platform/os-image-composer/internal/image/imageinspect/renderer_text.go:544.31,546.3 1 1
github.com/open-edge-platform/os-image-composer/internal/image/imageinspect/renderer_text.go:547.2,547.39 1 1
github.com/open-edge-platform/os-image-composer/internal/image/imageinspect/renderer_text.go:547.39,549.3 1 1
github.com/open-edge-platform/os-image-composer/internal/image/imageinspect/renderer_text.go:550.2,550.31 1 1
github.com/open-edge-platform/os-image-composer/internal/image/imageinspect/renderer_text.go:550.31,552.3 1 0
github.com/open-edge-platform/os-image-composer/internal/image/imageinspect/renderer_text.go:553.2,553.38 1 1
github.com/open-edge-platform/os-image-composer/internal/image/imageinspect/renderer_text.go:553.38,555.3 1 0
github.com/open-edge-platform/os-image-composer/internal/image/imageinspect/renderer_text.go:556.2,556.16 1 1
github.com/open-edge-platform/os-image-composer/internal/image/imageinspect/renderer_text.go:559.51,565.20 5 1
github.com/open-edge-platform/os-image-composer/internal/image/imageinspect/renderer_text.go:565.20,567.3 1 1
github.com/open-edge-platform/os-image-composer/internal/image/imageinspect/renderer_text.go:568.2,568.24 1 1
github.com/open-edge-platform/os-image-composer/internal/image/imageinspect/renderer_text.go:568.24,570.3 1 1
github.com/open-edge-platform/os-image-composer/internal/image/imageinspect/renderer_text.go:571.2,571.25 1 1
github.com/open-edge-platform/os-image-composer/internal/image/imageinspect/renderer_text.go:571.25,573.3 1 0
github.com/open-edge-platform/os-image-composer/internal/image/imageinspect/renderer_text.go:574.2,576.22 2 1
github.com/open-edge-platform/os-image-composer/internal/image/imageinspect/renderer_text.go:576.22,578.32 2 1
github.com/open-edge-platform/os-image-composer/internal/image/imageinspect/renderer_text.go:578.32,580.4 1 1
github.com/open-edge-platform/os-image-composer/internal/image/imageinspect/renderer_text.go:584.55,587.20 2 1
github.com/open-edge-platform/os-image-composer/internal/image/imageinspect/renderer_text.go:587.20,591.31 4 1
github.com/open-edge-platform/os-image-composer/internal/image/imageinspect/renderer_text.go:591.31,593.4 1 1
github.com/open-edge-platform/os-image-composer/internal/image/imageinspect/renderer_text.go:594.3,594.32 1 1
github.com/open-edge-platform/os-image-composer/internal/image/imageinspect/renderer_text.go:594.32,596.4 1 0
github.com/open-edge-platform/os-image-composer/internal/image/imageinspect/renderer_text.go:597.3,598.9 2 1
github.com/open-edge-platform/os-image-composer/internal/image/imageinspect/renderer_text.go:601.2,601.22 1 1
github.com/open-edge-platform/os-image-composer/internal/image/imageinspect/renderer_text.go:601.22,605.3 3 1
github.com/open-edge-platform/os-image-composer/internal/image/imageinspect/renderer_text.go:608.2,608.22 1 1
github.com/open-edge-platform/os-image-composer/internal/image/imageinspect/renderer_text.go:608.22,610.3 1 0
github.com/open-edge-platform/os-image-composer/internal/image/imageinspect/renderer_text.go:611.2,611.21 1 1
github.com/open-edge-platform/os-image-composer/internal/image/imageinspect/renderer_text.go:611.21,613.3 1 1
github.com/open-edge-platform/os-image-composer/internal/image/imageinspect/renderer_text.go:614.2,614.25 1 1
github.com/open-edge-platform/os-image-composer/internal/image/imageinspect/renderer_text.go:614.25,616.3 1 0
github.com/open-edge-platform/os-image-composer/internal/image/imageinspect/renderer_text.go:617.2,617.28 1 1
github.com/open-edge-platform/os-image-composer/internal/image/imageinspect/renderer_text.go:617.28,619.3 1 0
github.com/open-edge-platform/os-image-composer/internal/image/imageinspect/renderer_text.go:622.69,629.25 5 1
github.com/open-edge-platform/os-image-composer/internal/image/imageinspect/renderer_text.go:629.25,632.27 3 1
github.com/open-edge-platform/os-image-composer/internal/image/imageinspect/renderer_text.go:632.27,634.4 1 1
github.com/open-edge-platform/os-image-composer/internal/image/imageinspect/renderer_text.go:635.3,635.27 1 1
github.com/open-edge-platform/os-image-composer/internal/image/imageinspect/renderer_text.go:635.27,637.4 1 1
github.com/open-edge-platform/os-image-composer/internal/image/imageinspect/renderer_text.go:638.3,647.4 1 1
github.com/open-edge-platform/os-image-composer/internal/image/imageinspect/renderer_text.go:649.2,649.17 1 1
github.com/open-edge-platform/os-image-composer/internal/image/imageinspect/renderer_text.go:652.64,658.20 6 1
github.com/open-edge-platform/os-image-composer/internal/image/imageinspect/renderer_text.go:658.20,660.3 1 0
github.com/open-edge-platform/os-image-composer/internal/image/imageinspect/renderer_text.go:661.2,661.21 1 1
github.com/open-edge-platform/os-image-composer/internal/image/imageinspect/renderer_text.go:661.21,663.3 1 0
github.com/open-edge-platform/os-image-composer/internal/image/imageinspect/renderer_text.go:664.2,664.23 1 1
github.com/open-edge-platform/os-image-composer/internal/image/imageinspect/renderer_text.go:664.23,666.3 1 1
github.com/open-edge-platform/os-image-composer/internal/image/imageinspect/renderer_text.go:667.2,667.28 1 1
github.com/open-edge-platform/os-image-composer/internal/image/imageinspect/renderer_text.go:667.28,669.3 1 1
github.com/open-edge-platform/os-image-composer/internal/image/imageinspect/renderer_text.go:670.2,670.28 1 1
github.com/open-edge-platform/os-image-composer/internal/image/imageinspect/renderer_text.go:670.28,672.3 1 1
github.com/open-edge-platform/os-image-composer/internal/image/imageinspect/renderer_text.go:673.2,673.34 1 1
github.com/open-edge-platform/os-image-composer/internal/image/imageinspect/renderer_text.go:673.34,678.3 2 1
github.com/open-edge-platform/os-image-composer/internal/image/imageinspect/renderer_text.go:678.8,678.35 1 0
github.com/open-edge-platform/os-image-composer/internal/image/imageinspect/renderer_text.go:678.35,685.3 4 0
github.com/open-edge-platform/os-image-composer/internal/image/imageinspect/renderer_text.go:685.8,687.3 1 0
github.com/open-edge-platform/os-image-composer/internal/image/imageinspect/renderer_text.go:691.69,692.14 1 1
github.com/open-edge-platform/os-image-composer/internal/image/imageinspect/renderer_text.go:692.14,694.3 1 0
github.com/open-edge-platform/os-image-composer/internal/image/imageinspect/renderer_text.go:696.2,696.84 1 1
github.com/open-edge-platform/os-image-composer/internal/image/imageinspect/renderer_text.go:696.84,698.3 1 1
github.com/open-edge-platform/os-image-composer/internal/image/imageinspect/renderer_text.go:700.2,704.41 4 1
github.com/open-edge-platform/os-image-composer/internal/image/imageinspect/renderer_text.go:704.41,706.53 2 0
github.com/open-edge-platform/os-image-composer/internal/image/imageinspect/renderer_text.go:706.53,708.4 1 0
github.com/open-edge-platform/os-image-composer/internal/image/imageinspect/renderer_text.go:711.2,711.43 1 1
github.com/open-edge-platform/os-image-composer/internal/image/imageinspect/renderer_text.go:711.43,713.55 2 1
github.com/open-edge-platform/os-image-composer/internal/image/imageinspect/renderer_text.go:713.55,715.4 1 1
github.com/open-edge-platform/os-image-composer/internal/image/imageinspect/renderer_text.go:719.33,720.11 1 1
github.com/open-edge-platform/os-image-composer/internal/image/imageinspect/renderer_text.go:720.11,722.3 1 0
github.com/open-edge-platform/os-image-composer/internal/image/imageinspect/renderer_text.go:723.2,724.14 2 1
github.com/open-edge-platform/os-image-composer/internal/image/imageinspect/renderer_text.go:724.14,726.3 1 1
github.com/open-edge-platform/os-image-composer/internal/image/imageinspect/renderer_text.go:727.2,728.42 2 1
github.com/open-edge-platform/os-image-composer/internal/image/imageinspect/renderer_text.go:728.42,731.3 2 1
github.com/open-edge-platform/os-image-composer/internal/image/imageinspect/renderer_text.go:732.2,732.73 1 1
github.com/open-edge-platform/os-image-composer/internal/image/imageinspect/renderer_text.go:735.49,736.15 1 1
github.com/open-edge-platform/os-image-composer/internal/image/imageinspect/renderer_text.go:736.15,738.3 1 1
github.com/open-edge-platform/os-image-composer/internal/image/imageinspect/renderer_text.go:739.2,739.98 1 1
github.com/open-edge-platform/os-image-composer/internal/image/imageinspect/renderer_text.go:742.53,744.16 2 1
github.com/open-edge-platform/os-image-composer/internal/image/imageinspect/renderer_text.go:745.13,746.28 1 1
github.com/open-edge-platform/os-image-composer/internal/image/imageinspect/renderer_text.go:747.13,748.28 1 0
github.com/open-edge-platform/os-image-composer/internal/image/imageinspect/renderer_text.go:749.10,750.12 1 0
github.com/open-edge-platform/os-image-composer/internal/image/imageinspect/renderer_text.go:754.38,755.50 1 1
github.com/open-edge-platform/os-image-composer/internal/image/imageinspect/renderer_text.go:756.46,757.32 1 1
github.com/open-edge-platform/os-image-composer/internal/image/imageinspect/renderer_text.go:758.46,759.31 1 0
github.com/open-edge-platform/os-image-composer/internal/image/imageinspect/renderer_text.go:760.46,761.28 1 0
github.com/open-edge-platform/os-image-composer/internal/image/imageinspect/renderer_text.go:762.46,763.31 1 0
github.com/open-edge-platform/os-image-composer/internal/image/imageinspect/renderer_text.go:765.10,766.12 1 1
github.com/open-edge-platform/os-image-composer/internal/image/imageinspect/renderer_text.go:770.38,771.50 1 1
github.com/open-edge-platform/os-image-composer/internal/image/imageinspect/renderer_text.go:772.14,773.27 1 0
github.com/open-edge-platform/os-image-composer/internal/image/imageinspect/renderer_text.go:774.14,775.21 1 0
github.com/open-edge-platform/os-image-composer/internal/image/imageinspect/renderer_text.go:776.14,777.27 1 0
github.com/open-edge-platform/os-image-composer/internal/image/imageinspect/renderer_text.go:778.14,779.27 1 0
github.com/open-edge-platform/os-image-composer/internal/image/imageinspect/renderer_text.go:780.14,781.22 1 0
github.com/open-edge-platform/os-image-composer/internal/image/imageinspect/renderer_text.go:782.14,783.28 1 0
github.com/open-edge-platform/os-image-composer/internal/image/imageinspect/renderer_text.go:784.14,785.21 1 0
github.com/open-edge-platform/os-image-composer/internal/image/imageinspect/renderer_text.go:786.14,787.26 1 0
github.com/open-edge-platform/os-image-composer/internal/image/imageinspect/renderer_text.go:788.10,789.12 1 1
github.com/open-edge-platform/os-image-composer/internal/image/imageinspect/renderer_text.go:792.47,795.45 1 1
github.com/open-edge-platform/os-image-composer/internal/image/imageinspect/renderer_text.go:795.45,796.37 1 1
github.com/open-edge-platform/os-image-composer/internal/image/imageinspect/renderer_text.go:796.37,798.4 1 1
github.com/open-edge-platform/os-image-composer/internal/image/imageinspect/renderer_text.go:799.3,799.44 1 0
github.com/open-edge-platform/os-image-composer/internal/image/imageinspect/renderer_text.go:799.44,801.4 1 0
github.com/open-edge-platform/os-image-composer/internal/image/imageinspect/renderer_text.go:802.3,802.33 1 0
github.com/open-edge-platform/os-image-composer/internal/image/imageinspect/renderer_text.go:802.33,804.61 1 0
github.com/open-edge-platform/os-image-composer/internal/image/imageinspect/renderer_text.go:804.61,806.5 1 0
github.com/open-edge-platform/os-image-composer/internal/image/imageinspect/renderer_text.go:807.4,807.15 1 0
github.com/open-edge-platform/os-image-composer/internal/image/imageinspect/renderer_text.go:809.3,809.14 1 0
github.com/open-edge-platform/os-image-composer/internal/image/imageinspect/renderer_text.go:812.2,812.25 1 0
github.com/open-edge-platform/os-image-composer/internal/image/imageinspect/renderer_text.go:812.25,813.45 1 0
github.com/open-edge-platform/os-image-composer/internal/image/imageinspect/renderer_text.go:814.15,815.17 1 0
github.com/open-edge-platform/os-image-composer/internal/image/imageinspect/renderer_text.go:816.15,817.15 1 0
github.com/open-edge-platform/os-image-composer/internal/image/imageinspect/renderer_text.go:818.19,819.21 1 0
github.com/open-edge-platform/os-image-composer/internal/image/imageinspect/renderer_text.go:822.2,822.12 1 0
github.com/open-edge-platform/os-image-composer/internal/image/imageinspect/renderer_text.go:825.52,826.15 1 1
github.com/open-edge-platform/os-image-composer/internal/image/imageinspect/renderer_text.go:826.15,828.3 1 0
github.com/open-edge-platform/os-image-composer/internal/image/imageinspect/renderer_text.go:830.2,843.13 1 1
github.com/open-edge-platform/os-image-composer/internal/image/imageinspect/renderer_text.go:846.41,847.32 1 1
github.com/open-edge-platform/os-image-composer/internal/image/imageinspect/renderer_text.go:847.32,849.3 1 1
github.com/open-edge-platform/os-image-composer/internal/image/imageinspect/renderer_text.go:850.2,850.29 1 1
github.com/open-edge-platform/os-image-composer/internal/image/imageinspect/renderer_text.go:853.41,855.13 2 1
github.com/open-edge-platform/os-image-composer/internal/image/imageinspect/renderer_text.go:855.13,857.3 1 1
github.com/open-edge-platform/os-image-composer/internal/image/imageinspect/renderer_text.go:858.2,858.10 1 1
github.com/open-edge-platform/os-image-composer/internal/image/imageinspect/renderer_text.go:860.33,862.18 2 1
github.com/open-edge-platform/os-image-composer/internal/image/imageinspect/renderer_text.go:862.18,864.3 1 1
github.com/open-edge-platform/os-image-composer/internal/image/imageinspect/renderer_text.go:865.2,865.15 1 1
github.com/open-edge-platform/os-image-composer/internal/image/imageinspect/renderer_text.go:868.67,869.25 1 1
github.com/open-edge-platform/os-image-composer/internal/image/imageinspect/renderer_text.go:869.25,870.41 1 1
github.com/open-edge-platform/os-image-composer/internal/image/imageinspect/renderer_text.go:870.41,872.4 1 1
github.com/open-edge-platform/os-image-composer/internal/image/imageinspect/renderer_text.go:874.2,874.35 1 1
github.com/open-edge-platform/os-image-composer/internal/image/imageinspect/renderer_text.go:877.66,878.19 1 1
github.com/open-edge-platform/os-image-composer/internal/image/imageinspect/renderer_text.go:878.19,880.3 1 1
github.com/open-edge-platform/os-image-composer/internal/image/imageinspect/renderer_text.go:882.2,886.25 4 1
github.com/open-edge-platform/os-image-composer/internal/image/imageinspect/renderer_text.go:886.25,888.3 1 1
github.com/open-edge-platform/os-image-composer/internal/image/imageinspect/renderer_text.go:889.2,889.16 1 1
github.com/open-edge-platform/os-image-composer/internal/image/imageinspect/renderer_text.go:892.63,895.15 2 1
github.com/open-edge-platform/os-image-composer/internal/image/imageinspect/renderer_text.go:895.15,897.3 1 0
github.com/open-edge-platform/os-image-composer/internal/image/imageinspect/renderer_text.go:899.2,906.17 2 1
github.com/open-edge-platform/os-image-composer/internal/image/imageinspect/renderer_text.go:906.17,908.3 1 0
github.com/open-edge-platform/os-image-composer/internal/image/imageinspect/renderer_text.go:910.2,913.44 2 1
github.com/open-edge-platform/os-image-composer/internal/image/imageinspect/renderer_text.go:913.44,915.3 1 1
github.com/open-edge-platform/os-image-composer/internal/image/imageinspect/renderer_text.go:918.2,918.43 1 1
github.com/open-edge-platform/os-image-composer/internal/image/imageinspect/renderer_text.go:918.43,921.38 2 1
github.com/open-edge-platform/os-image-composer/internal/image/imageinspect/renderer_text.go:921.38,923.4 1 0
github.com/open-edge-platform/os-image-composer/internal/image/imageinspect/renderer_text.go:924.3,924.34 1 1
github.com/open-edge-platform/os-image-composer/internal/image/imageinspect/renderer_text.go:924.34,926.4 1 0
github.com/open-edge-platform/os-image-composer/internal/image/imageinspect/renderer_text.go:927.3,927.35 1 1
github.com/open-edge-platform/os-image-composer/internal/image/imageinspect/renderer_text.go:927.35,929.4 1 0
github.com/open-edge-platform/os-image-composer/internal/image/imageinspect/renderer_text.go:931.3,931.21 1 1
github.com/open-edge-platform/os-image-composer/internal/image/imageinspect/renderer_text.go:931.21,933.4 1 0
github.com/open-edge-platform/os-image-composer/internal/image/imageinspect/renderer_text.go:937.2,940.9 3 1
github.com/open-edge-platform/os-image-composer/internal/image/imageinspect/renderer_text.go:941.32,944.18 3 0
github.com/open-edge-platform/os-image-composer/internal/image/imageinspect/renderer_text.go:944.18,946.4 1 0
github.com/open-edge-platform/os-image-composer/internal/image/imageinspect/renderer_text.go:947.3,947.16 1 0
github.com/open-edge-platform/os-image-composer/internal/image/imageinspect/renderer_text.go:947.16,949.4 1 0
github.com/open-edge-platform/os-image-composer/internal/image/imageinspect/renderer_text.go:950.3,950.62 1 0
github.com/open-edge-platform/os-image-composer/internal/image/imageinspect/renderer_text.go:952.10,953.81 1 1
github.com/open-edge-platform/os-image-composer/internal/image/imageinspect/renderer_text.go:953.81,955.4 1 0
github.com/open-edge-platform/os-image-composer/internal/image/imageinspect/renderer_text.go:959.60,963.42 4 1
github.com/open-edge-platform/os-image-composer/internal/image/imageinspect/renderer_text.go:963.42,965.3 1 0
github.com/open-edge-platform/os-image-composer/internal/image/imageinspect/renderer_text.go:966.2,967.40 2 1
github.com/open-edge-platform/os-image-composer/internal/image/imageinspect/renderer_text.go:967.40,969.3 1 0
